2025-08-15 16:11:06,766 - INFO - 🚀 FinAnalytics PDF System initialisé
2025-08-15 16:11:06,766 - INFO - 📊 Base de données: postgresql://admin:@localhost:5433/finance
2025-08-15 16:11:06,766 - INFO - 🚀 Démarrage du daemon FinAnalytics
2025-08-15 16:11:06,766 - INFO - 🔄 Début du traitement des rapports...
2025-08-15 16:11:09,800 - INFO - 📋 Aucun rapport en attente
2025-08-15 16:11:09,801 - INFO - 📊 Début du scraping...
2025-08-15 16:11:11,674 - INFO - ✅ AAPL OK
2025-08-15 16:11:13,459 - INFO - ✅ MSFT OK
2025-08-15 16:11:15,046 - INFO - ✅ GOOGL OK
2025-08-15 16:11:16,737 - INFO - ✅ ^GSPC OK
2025-08-15 16:11:18,378 - INFO - ✅ ^DJI OK
2025-08-15 16:11:20,040 - INFO - ✅ BTC-USD OK
2025-08-15 16:11:21,720 - INFO - ✅ ETH-USD OK
2025-08-15 16:11:22,725 - INFO - 📊 Scraping terminé: 7/7 OK
2025-08-15 16:11:52,730 - INFO - 🔄 Début du traitement des rapports...
2025-08-15 16:11:52,756 - INFO - 🔄 Traitement rapport cmecwphnl0017vcm7q467am0n (TSLA)
/Users/admin/Library/Python/3.9/lib/python/site-packages/urllib3/__init__.py:35: NotOpenSSLWarning: urllib3 v2 only supports OpenSSL 1.1.1+, currently the 'ssl' module is compiled with 'LibreSSL 2.8.3'. See: https://github.com/urllib3/urllib3/issues/3020
  warnings.warn(
2025-08-15 16:11:54,358 - INFO - 📄 Génération PDF ULTRA-COMPLET pour TSLA
2025-08-15 16:11:54,359 - INFO - Démarrage de l'analyse ultra-complète pour TSLA
2025-08-15 16:11:54,359 - INFO - Récupération des données complètes pour TSLA
2025-08-15 16:11:57,930 - INFO - Données récupérées avec succès
2025-08-15 16:11:57,930 - INFO - Calcul des indicateurs techniques avancés
2025-08-15 16:11:58,357 - INFO - Calculé 67 indicateurs techniques
2025-08-15 16:11:58,358 - INFO - Analyse fondamentale approfondie
2025-08-15 16:11:58,358 - INFO - Analyse de risque quantitative
[*********************100%***********************]  1 of 1 completed
2025-08-15 16:11:58,587 - INFO - Génération de prédictions ML
2025-08-15 16:11:58,890 - INFO - Simulation Monte Carlo: 1000 simulations sur 252 jours
2025-08-15 16:11:58,925 - INFO - Génération du rapport PDF ultra-premium
2025-08-15 16:11:58,927 - INFO - Génération des graphiques ultra-complets
2025-08-15 16:11:59,150 - INFO - Chromium init'ed with kwargs {}
2025-08-15 16:11:59,151 - INFO - Found chromium path: /Applications/Google Chrome.app/Contents/MacOS/Google Chrome
2025-08-15 16:11:59,152 - INFO - Temp directory created: /var/folders/2g/4677kq897d1c6wm_w0kfmndc0000gn/T/tmpn1xm6n_y.
2025-08-15 16:11:59,152 - INFO - Opening browser.
2025-08-15 16:11:59,152 - INFO - Temp directory created: /var/folders/2g/4677kq897d1c6wm_w0kfmndc0000gn/T/tmpol92yh39.
2025-08-15 16:11:59,152 - INFO - Temporary directory at: /var/folders/2g/4677kq897d1c6wm_w0kfmndc0000gn/T/tmpol92yh39
2025-08-15 16:11:59,923 - INFO - Conforming 1 to file:///var/folders/2g/4677kq897d1c6wm_w0kfmndc0000gn/T/tmpn1xm6n_y/index.html
2025-08-15 16:11:59,927 - INFO - Waiting on all navigates
2025-08-15 16:12:00,307 - INFO - All navigates done, putting them all in queue.
2025-08-15 16:12:00,308 - INFO - Getting tab from queue (has 1)
2025-08-15 16:12:00,308 - INFO - Got 1C0E
2025-08-15 16:12:00,308 - INFO - Processing Analyse_Technique_Complte___TSLA.png
2025-08-15 16:12:00,308 - INFO - Sending big command for Analyse_Technique_Complte___TSLA.png.
2025-08-15 16:12:00,523 - INFO - Sent big command for Analyse_Technique_Complte___TSLA.png.
2025-08-15 16:12:00,526 - INFO - Reloading tab 1C0E before return.
2025-08-15 16:12:00,772 - INFO - Putting tab 1C0E back (queue size: 0).
2025-08-15 16:12:00,772 - INFO - Waiting for all cleanups to finish.
2025-08-15 16:12:00,772 - INFO - Exiting Kaleido
2025-08-15 16:12:00,772 - INFO - TemporaryDirectory.cleanup() worked.
2025-08-15 16:12:00,772 - INFO - shutil.rmtree worked.
2025-08-15 16:12:00,772 - INFO - Cancelling tasks.
2025-08-15 16:12:00,772 - INFO - Exiting Kaleido/Choreo
2025-08-15 16:12:00,772 - INFO - Closing browser.
2025-08-15 16:12:00,774 - INFO - TemporaryDirectory.cleanup() worked.
2025-08-15 16:12:00,774 - INFO - shutil.rmtree worked.
2025-08-15 16:12:00,774 - INFO - Cancelling tasks.
2025-08-15 16:12:00,774 - INFO - Exiting Kaleido/Choreo
2025-08-15 16:12:00,774 - INFO - Closing browser.
2025-08-15 16:12:00,859 - INFO - TemporaryDirectory.cleanup() worked.
2025-08-15 16:12:00,859 - INFO - shutil.rmtree worked.
2025-08-15 16:12:00,880 - INFO - TemporaryDirectory.cleanup() worked.
2025-08-15 16:12:00,880 - INFO - shutil.rmtree worked.
2025-08-15 16:12:00,950 - INFO - Chromium init'ed with kwargs {}
2025-08-15 16:12:00,951 - INFO - Found chromium path: /Applications/Google Chrome.app/Contents/MacOS/Google Chrome
2025-08-15 16:12:00,951 - INFO - Temp directory created: /var/folders/2g/4677kq897d1c6wm_w0kfmndc0000gn/T/tmp04dn1ctt.
2025-08-15 16:12:00,952 - INFO - Opening browser.
2025-08-15 16:12:00,952 - INFO - Temp directory created: /var/folders/2g/4677kq897d1c6wm_w0kfmndc0000gn/T/tmpufywoljk.
2025-08-15 16:12:00,952 - INFO - Temporary directory at: /var/folders/2g/4677kq897d1c6wm_w0kfmndc0000gn/T/tmpufywoljk
2025-08-15 16:12:01,225 - INFO - Conforming 1 to file:///var/folders/2g/4677kq897d1c6wm_w0kfmndc0000gn/T/tmp04dn1ctt/index.html
2025-08-15 16:12:01,236 - INFO - Waiting on all navigates
2025-08-15 16:12:01,529 - INFO - All navigates done, putting them all in queue.
2025-08-15 16:12:01,530 - INFO - Getting tab from queue (has 1)
2025-08-15 16:12:01,530 - INFO - Got 78BB
2025-08-15 16:12:01,530 - INFO - Processing Indicateurs_de_Momentum___TSLA.png
2025-08-15 16:12:01,530 - INFO - Sending big command for Indicateurs_de_Momentum___TSLA.png.
2025-08-15 16:12:01,705 - INFO - Sent big command for Indicateurs_de_Momentum___TSLA.png.
2025-08-15 16:12:01,709 - INFO - Reloading tab 78BB before return.
2025-08-15 16:12:01,931 - INFO - Putting tab 78BB back (queue size: 0).
2025-08-15 16:12:01,931 - INFO - Waiting for all cleanups to finish.
2025-08-15 16:12:01,931 - INFO - Exiting Kaleido
2025-08-15 16:12:01,931 - INFO - TemporaryDirectory.cleanup() worked.
2025-08-15 16:12:01,931 - INFO - shutil.rmtree worked.
2025-08-15 16:12:01,931 - INFO - Cancelling tasks.
2025-08-15 16:12:01,931 - INFO - Exiting Kaleido/Choreo
2025-08-15 16:12:01,931 - INFO - Closing browser.
2025-08-15 16:12:01,935 - INFO - TemporaryDirectory.cleanup() worked.
2025-08-15 16:12:01,935 - INFO - shutil.rmtree worked.
2025-08-15 16:12:01,935 - INFO - Cancelling tasks.
2025-08-15 16:12:01,935 - INFO - Exiting Kaleido/Choreo
2025-08-15 16:12:01,935 - INFO - Closing browser.
2025-08-15 16:12:02,023 - INFO - TemporaryDirectory.cleanup() worked.
2025-08-15 16:12:02,023 - INFO - shutil.rmtree worked.
2025-08-15 16:12:02,035 - INFO - TemporaryDirectory.cleanup() worked.
2025-08-15 16:12:02,036 - INFO - shutil.rmtree worked.
2025-08-15 16:12:02,139 - INFO - Chromium init'ed with kwargs {}
2025-08-15 16:12:02,140 - INFO - Found chromium path: /Applications/Google Chrome.app/Contents/MacOS/Google Chrome
2025-08-15 16:12:02,140 - INFO - Temp directory created: /var/folders/2g/4677kq897d1c6wm_w0kfmndc0000gn/T/tmp_i3zjeqc.
2025-08-15 16:12:02,140 - INFO - Opening browser.
2025-08-15 16:12:02,141 - INFO - Temp directory created: /var/folders/2g/4677kq897d1c6wm_w0kfmndc0000gn/T/tmpb_7ai6rp.
2025-08-15 16:12:02,141 - INFO - Temporary directory at: /var/folders/2g/4677kq897d1c6wm_w0kfmndc0000gn/T/tmpb_7ai6rp
2025-08-15 16:12:02,410 - INFO - Conforming 1 to file:///var/folders/2g/4677kq897d1c6wm_w0kfmndc0000gn/T/tmp_i3zjeqc/index.html
2025-08-15 16:12:02,415 - INFO - Waiting on all navigates
2025-08-15 16:12:02,710 - INFO - All navigates done, putting them all in queue.
2025-08-15 16:12:02,711 - INFO - Getting tab from queue (has 1)
2025-08-15 16:12:02,711 - INFO - Got 0B74
2025-08-15 16:12:02,711 - INFO - Processing Analyse_de_Volatilit___TSLA.png
2025-08-15 16:12:02,711 - INFO - Sending big command for Analyse_de_Volatilit___TSLA.png.
2025-08-15 16:12:02,828 - INFO - Sent big command for Analyse_de_Volatilit___TSLA.png.
2025-08-15 16:12:02,830 - INFO - Reloading tab 0B74 before return.
2025-08-15 16:12:03,062 - INFO - Putting tab 0B74 back (queue size: 0).
2025-08-15 16:12:03,062 - INFO - Waiting for all cleanups to finish.
2025-08-15 16:12:03,062 - INFO - Exiting Kaleido
2025-08-15 16:12:03,062 - INFO - TemporaryDirectory.cleanup() worked.
2025-08-15 16:12:03,062 - INFO - shutil.rmtree worked.
2025-08-15 16:12:03,062 - INFO - Cancelling tasks.
2025-08-15 16:12:03,063 - INFO - Exiting Kaleido/Choreo
2025-08-15 16:12:03,063 - INFO - Closing browser.
2025-08-15 16:12:03,064 - INFO - TemporaryDirectory.cleanup() worked.
2025-08-15 16:12:03,064 - INFO - shutil.rmtree worked.
2025-08-15 16:12:03,064 - INFO - Cancelling tasks.
2025-08-15 16:12:03,065 - INFO - Exiting Kaleido/Choreo
2025-08-15 16:12:03,065 - INFO - Closing browser.
2025-08-15 16:12:03,144 - INFO - TemporaryDirectory.cleanup() worked.
2025-08-15 16:12:03,144 - INFO - shutil.rmtree worked.
2025-08-15 16:12:03,149 - INFO - TemporaryDirectory.cleanup() worked.
2025-08-15 16:12:03,149 - INFO - shutil.rmtree worked.
2025-08-15 16:12:03,183 - INFO - Chromium init'ed with kwargs {}
2025-08-15 16:12:03,183 - INFO - Found chromium path: /Applications/Google Chrome.app/Contents/MacOS/Google Chrome
2025-08-15 16:12:03,184 - INFO - Temp directory created: /var/folders/2g/4677kq897d1c6wm_w0kfmndc0000gn/T/tmpzxgn_rop.
2025-08-15 16:12:03,184 - INFO - Opening browser.
2025-08-15 16:12:03,184 - INFO - Temp directory created: /var/folders/2g/4677kq897d1c6wm_w0kfmndc0000gn/T/tmp_2nnxz6q.
2025-08-15 16:12:03,184 - INFO - Temporary directory at: /var/folders/2g/4677kq897d1c6wm_w0kfmndc0000gn/T/tmp_2nnxz6q
2025-08-15 16:12:03,465 - INFO - Conforming 1 to file:///var/folders/2g/4677kq897d1c6wm_w0kfmndc0000gn/T/tmpzxgn_rop/index.html
2025-08-15 16:12:03,476 - INFO - Waiting on all navigates
2025-08-15 16:12:03,783 - INFO - All navigates done, putting them all in queue.
2025-08-15 16:12:03,784 - INFO - Getting tab from queue (has 1)
2025-08-15 16:12:03,784 - INFO - Got FBF5
2025-08-15 16:12:03,784 - INFO - Processing Simulation_Monte_Carlo___TSLA_1000_simulations_1_an.png
2025-08-15 16:12:03,784 - INFO - Sending big command for Simulation_Monte_Carlo___TSLA_1000_simulations_1_an.png.
2025-08-15 16:12:03,853 - INFO - Sent big command for Simulation_Monte_Carlo___TSLA_1000_simulations_1_an.png.
2025-08-15 16:12:03,857 - INFO - Reloading tab FBF5 before return.
2025-08-15 16:12:04,088 - INFO - Putting tab FBF5 back (queue size: 0).
2025-08-15 16:12:04,088 - INFO - Waiting for all cleanups to finish.
2025-08-15 16:12:04,088 - INFO - Exiting Kaleido
2025-08-15 16:12:04,089 - INFO - TemporaryDirectory.cleanup() worked.
2025-08-15 16:12:04,089 - INFO - shutil.rmtree worked.
2025-08-15 16:12:04,089 - INFO - Cancelling tasks.
2025-08-15 16:12:04,089 - INFO - Exiting Kaleido/Choreo
2025-08-15 16:12:04,089 - INFO - Closing browser.
2025-08-15 16:12:04,090 - INFO - TemporaryDirectory.cleanup() worked.
2025-08-15 16:12:04,090 - INFO - shutil.rmtree worked.
2025-08-15 16:12:04,090 - INFO - Cancelling tasks.
2025-08-15 16:12:04,090 - INFO - Exiting Kaleido/Choreo
2025-08-15 16:12:04,090 - INFO - Closing browser.
2025-08-15 16:12:04,175 - INFO - TemporaryDirectory.cleanup() worked.
2025-08-15 16:12:04,176 - INFO - shutil.rmtree worked.
2025-08-15 16:12:04,949 - INFO - Rapport ultra-premium généré: ../public/reports/ULTRA_RAPPORT_TSLA_20250815_161154.pdf
2025-08-15 16:12:04,949 - INFO - Analyse ultra-complète terminée avec succès
2025-08-15 16:12:04,949 - INFO - ✅ PDF ULTRA-COMPLET généré: ULTRA_RAPPORT_TSLA_20250815_161154.pdf
2025-08-15 16:12:04,949 - INFO - 📊 Taille du fichier: 2.07 MB
2025-08-15 16:12:04,951 - INFO - ✅ Rapport cmecwphnl0017vcm7q467am0n terminé
2025-08-15 16:12:04,951 - INFO - 🔄 Traitement terminé: 1 rapports traités
2025-08-15 16:12:34,954 - INFO - 🔄 Début du traitement des rapports...
2025-08-15 16:12:34,978 - INFO - 📋 Aucun rapport en attente
2025-08-15 16:13:04,982 - INFO - 🔄 Début du traitement des rapports...
2025-08-15 16:13:05,011 - INFO - 📋 Aucun rapport en attente
2025-08-15 16:13:35,017 - INFO - 🔄 Début du traitement des rapports...
2025-08-15 16:13:35,060 - INFO - 📋 Aucun rapport en attente
2025-08-15 16:14:05,063 - INFO - 🔄 Début du traitement des rapports...
2025-08-15 16:14:05,108 - INFO - 📋 Aucun rapport en attente
2025-08-15 16:14:35,113 - INFO - 🔄 Début du traitement des rapports...
2025-08-15 16:14:35,140 - INFO - 📋 Aucun rapport en attente
2025-08-15 16:15:05,142 - INFO - 🔄 Début du traitement des rapports...
2025-08-15 16:15:05,167 - INFO - 📋 Aucun rapport en attente
2025-08-15 16:15:35,171 - INFO - 🔄 Début du traitement des rapports...
2025-08-15 16:15:35,189 - INFO - 📋 Aucun rapport en attente
2025-08-15 16:16:05,190 - INFO - 🔄 Début du traitement des rapports...
2025-08-15 16:16:05,209 - INFO - 📋 Aucun rapport en attente
2025-08-15 16:16:35,214 - INFO - 🔄 Début du traitement des rapports...
2025-08-15 16:16:35,241 - INFO - 📋 Aucun rapport en attente
2025-08-15 16:17:05,247 - INFO - 🔄 Début du traitement des rapports...
2025-08-15 16:17:05,266 - INFO - 📋 Aucun rapport en attente
2025-08-15 16:17:35,272 - INFO - 🔄 Début du traitement des rapports...
2025-08-15 16:17:35,305 - INFO - 📋 Aucun rapport en attente
2025-08-15 16:18:05,311 - INFO - 🔄 Début du traitement des rapports...
2025-08-15 16:18:05,352 - INFO - 📋 Aucun rapport en attente
2025-08-15 16:18:35,357 - INFO - 🔄 Début du traitement des rapports...
2025-08-15 16:18:35,388 - INFO - 📋 Aucun rapport en attente
2025-08-15 16:19:05,390 - INFO - 🔄 Début du traitement des rapports...
2025-08-15 16:19:05,431 - INFO - 📋 Aucun rapport en attente
2025-08-15 16:19:35,437 - INFO - 🔄 Début du traitement des rapports...
2025-08-15 16:19:35,465 - INFO - 📋 Aucun rapport en attente
2025-08-15 16:20:05,471 - INFO - 🔄 Début du traitement des rapports...
2025-08-15 16:20:05,494 - INFO - 📋 Aucun rapport en attente
2025-08-15 16:20:35,497 - INFO - 🔄 Début du traitement des rapports...
2025-08-15 16:20:35,521 - INFO - 📋 Aucun rapport en attente
2025-08-15 16:21:05,527 - INFO - 🔄 Début du traitement des rapports...
2025-08-15 16:21:05,566 - INFO - 📋 Aucun rapport en attente
2025-08-15 16:21:35,570 - INFO - 🔄 Début du traitement des rapports...
2025-08-15 16:21:35,618 - INFO - 📋 Aucun rapport en attente
2025-08-15 16:22:05,624 - INFO - 🔄 Début du traitement des rapports...
2025-08-15 16:22:05,655 - INFO - 📋 Aucun rapport en attente
2025-08-15 16:22:35,657 - INFO - 🔄 Début du traitement des rapports...
2025-08-15 16:22:35,694 - INFO - 📋 Aucun rapport en attente
2025-08-15 16:23:05,699 - INFO - 🔄 Début du traitement des rapports...
2025-08-15 16:23:05,729 - INFO - 📋 Aucun rapport en attente
2025-08-15 16:23:35,731 - INFO - 🔄 Début du traitement des rapports...
2025-08-15 16:23:35,771 - INFO - 📋 Aucun rapport en attente
2025-08-15 16:24:05,776 - INFO - 🔄 Début du traitement des rapports...
2025-08-15 16:24:05,803 - INFO - 📋 Aucun rapport en attente
2025-08-15 16:24:35,804 - INFO - 🔄 Début du traitement des rapports...
2025-08-15 16:24:35,826 - INFO - 📋 Aucun rapport en attente
2025-08-15 16:25:05,831 - INFO - 🔄 Début du traitement des rapports...
2025-08-15 16:25:05,861 - INFO - 📋 Aucun rapport en attente
2025-08-15 16:25:35,866 - INFO - 🔄 Début du traitement des rapports...
2025-08-15 16:25:35,896 - INFO - 📋 Aucun rapport en attente
2025-08-15 16:26:05,898 - INFO - 🔄 Début du traitement des rapports...
2025-08-15 16:26:05,926 - INFO - 📋 Aucun rapport en attente
2025-08-15 16:26:35,929 - INFO - 🔄 Début du traitement des rapports...
2025-08-15 16:26:35,960 - INFO - 📋 Aucun rapport en attente
2025-08-15 16:27:05,966 - INFO - 🔄 Début du traitement des rapports...
2025-08-15 16:27:06,002 - INFO - 🔄 Traitement rapport cmecx9323001bvcm74fmwpjpz (SAP)
2025-08-15 16:27:06,003 - INFO - 📄 Génération PDF ULTRA-COMPLET pour SAP
2025-08-15 16:27:06,006 - INFO - Démarrage de l'analyse ultra-complète pour SAP
2025-08-15 16:27:06,006 - INFO - Récupération des données complètes pour SAP
2025-08-15 16:27:09,487 - INFO - TemporaryDirectory.cleanup() worked.
2025-08-15 16:27:09,487 - INFO - shutil.rmtree worked.
2025-08-15 16:27:09,994 - INFO - Données récupérées avec succès
2025-08-15 16:27:09,995 - INFO - Calcul des indicateurs techniques avancés
2025-08-15 16:27:10,380 - INFO - Calculé 67 indicateurs techniques
2025-08-15 16:27:10,380 - INFO - Analyse fondamentale approfondie
2025-08-15 16:27:10,380 - INFO - Analyse de risque quantitative
[*********************100%***********************]  1 of 1 completed
2025-08-15 16:27:10,406 - INFO - Génération de prédictions ML
2025-08-15 16:27:10,698 - INFO - Simulation Monte Carlo: 1000 simulations sur 252 jours
2025-08-15 16:27:10,730 - INFO - Génération du rapport PDF ultra-premium
2025-08-15 16:27:10,731 - INFO - Génération des graphiques ultra-complets
2025-08-15 16:27:10,820 - INFO - Chromium init'ed with kwargs {}
2025-08-15 16:27:10,821 - INFO - Found chromium path: /Applications/Google Chrome.app/Contents/MacOS/Google Chrome
2025-08-15 16:27:10,821 - INFO - Temp directory created: /var/folders/2g/4677kq897d1c6wm_w0kfmndc0000gn/T/tmp_dluib06.
2025-08-15 16:27:10,821 - INFO - Opening browser.
2025-08-15 16:27:10,821 - INFO - Temp directory created: /var/folders/2g/4677kq897d1c6wm_w0kfmndc0000gn/T/tmp8md2ahk2.
2025-08-15 16:27:10,821 - INFO - Temporary directory at: /var/folders/2g/4677kq897d1c6wm_w0kfmndc0000gn/T/tmp8md2ahk2
2025-08-15 16:27:11,443 - INFO - Conforming 1 to file:///var/folders/2g/4677kq897d1c6wm_w0kfmndc0000gn/T/tmp_dluib06/index.html
2025-08-15 16:27:11,445 - INFO - Waiting on all navigates
2025-08-15 16:27:11,754 - INFO - All navigates done, putting them all in queue.
2025-08-15 16:27:11,755 - INFO - Getting tab from queue (has 1)
2025-08-15 16:27:11,755 - INFO - Got 4909
2025-08-15 16:27:11,755 - INFO - Processing Analyse_Technique_Complte___SAP.png
2025-08-15 16:27:11,755 - INFO - Sending big command for Analyse_Technique_Complte___SAP.png.
2025-08-15 16:27:11,941 - INFO - Sent big command for Analyse_Technique_Complte___SAP.png.
2025-08-15 16:27:11,943 - INFO - Reloading tab 4909 before return.
2025-08-15 16:27:12,164 - INFO - Putting tab 4909 back (queue size: 0).
2025-08-15 16:27:12,164 - INFO - Waiting for all cleanups to finish.
2025-08-15 16:27:12,164 - INFO - Exiting Kaleido
2025-08-15 16:27:12,164 - INFO - TemporaryDirectory.cleanup() worked.
2025-08-15 16:27:12,164 - INFO - shutil.rmtree worked.
2025-08-15 16:27:12,164 - INFO - Cancelling tasks.
2025-08-15 16:27:12,164 - INFO - Exiting Kaleido/Choreo
2025-08-15 16:27:12,164 - INFO - Closing browser.
2025-08-15 16:27:12,165 - INFO - TemporaryDirectory.cleanup() worked.
2025-08-15 16:27:12,165 - INFO - shutil.rmtree worked.
2025-08-15 16:27:12,165 - INFO - Cancelling tasks.
2025-08-15 16:27:12,165 - INFO - Exiting Kaleido/Choreo
2025-08-15 16:27:12,165 - INFO - Closing browser.
2025-08-15 16:27:12,250 - INFO - TemporaryDirectory.cleanup() worked.
2025-08-15 16:27:12,250 - INFO - shutil.rmtree worked.
2025-08-15 16:27:12,254 - INFO - TemporaryDirectory.cleanup() worked.
2025-08-15 16:27:12,254 - INFO - shutil.rmtree worked.
2025-08-15 16:27:12,333 - INFO - Chromium init'ed with kwargs {}
2025-08-15 16:27:12,334 - INFO - Found chromium path: /Applications/Google Chrome.app/Contents/MacOS/Google Chrome
2025-08-15 16:27:12,335 - INFO - Temp directory created: /var/folders/2g/4677kq897d1c6wm_w0kfmndc0000gn/T/tmpzc6ss7x5.
2025-08-15 16:27:12,335 - INFO - Opening browser.
2025-08-15 16:27:12,335 - INFO - Temp directory created: /var/folders/2g/4677kq897d1c6wm_w0kfmndc0000gn/T/tmp7x94shap.
2025-08-15 16:27:12,335 - INFO - Temporary directory at: /var/folders/2g/4677kq897d1c6wm_w0kfmndc0000gn/T/tmp7x94shap
2025-08-15 16:27:12,616 - INFO - Conforming 1 to file:///var/folders/2g/4677kq897d1c6wm_w0kfmndc0000gn/T/tmpzc6ss7x5/index.html
2025-08-15 16:27:12,622 - INFO - Waiting on all navigates
2025-08-15 16:27:12,886 - INFO - All navigates done, putting them all in queue.
2025-08-15 16:27:12,886 - INFO - Getting tab from queue (has 1)
2025-08-15 16:27:12,886 - INFO - Got B629
2025-08-15 16:27:12,886 - INFO - Processing Indicateurs_de_Momentum___SAP.png
2025-08-15 16:27:12,886 - INFO - Sending big command for Indicateurs_de_Momentum___SAP.png.
2025-08-15 16:27:13,059 - INFO - Sent big command for Indicateurs_de_Momentum___SAP.png.
2025-08-15 16:27:13,064 - INFO - Reloading tab B629 before return.
2025-08-15 16:27:13,302 - INFO - Putting tab B629 back (queue size: 0).
2025-08-15 16:27:13,302 - INFO - Waiting for all cleanups to finish.
2025-08-15 16:27:13,302 - INFO - Exiting Kaleido
2025-08-15 16:27:13,303 - INFO - TemporaryDirectory.cleanup() worked.
2025-08-15 16:27:13,303 - INFO - shutil.rmtree worked.
2025-08-15 16:27:13,303 - INFO - Cancelling tasks.
2025-08-15 16:27:13,303 - INFO - Exiting Kaleido/Choreo
2025-08-15 16:27:13,303 - INFO - Closing browser.
2025-08-15 16:27:13,304 - INFO - TemporaryDirectory.cleanup() worked.
2025-08-15 16:27:13,304 - INFO - shutil.rmtree worked.
2025-08-15 16:27:13,304 - INFO - Cancelling tasks.
2025-08-15 16:27:13,304 - INFO - Exiting Kaleido/Choreo
2025-08-15 16:27:13,304 - INFO - Closing browser.
2025-08-15 16:27:13,388 - INFO - TemporaryDirectory.cleanup() worked.
2025-08-15 16:27:13,388 - INFO - shutil.rmtree worked.
2025-08-15 16:27:13,402 - INFO - TemporaryDirectory.cleanup() worked.
2025-08-15 16:27:13,402 - INFO - shutil.rmtree worked.
2025-08-15 16:27:13,499 - INFO - Chromium init'ed with kwargs {}
2025-08-15 16:27:13,500 - INFO - Found chromium path: /Applications/Google Chrome.app/Contents/MacOS/Google Chrome
2025-08-15 16:27:13,500 - INFO - Temp directory created: /var/folders/2g/4677kq897d1c6wm_w0kfmndc0000gn/T/tmphx8n_2x_.
2025-08-15 16:27:13,500 - INFO - Opening browser.
2025-08-15 16:27:13,501 - INFO - Temp directory created: /var/folders/2g/4677kq897d1c6wm_w0kfmndc0000gn/T/tmpqiorcwc8.
2025-08-15 16:27:13,501 - INFO - Temporary directory at: /var/folders/2g/4677kq897d1c6wm_w0kfmndc0000gn/T/tmpqiorcwc8
2025-08-15 16:27:13,782 - INFO - Conforming 1 to file:///var/folders/2g/4677kq897d1c6wm_w0kfmndc0000gn/T/tmphx8n_2x_/index.html
2025-08-15 16:27:13,789 - INFO - Waiting on all navigates
2025-08-15 16:27:14,253 - INFO - All navigates done, putting them all in queue.
2025-08-15 16:27:14,253 - INFO - Getting tab from queue (has 1)
2025-08-15 16:27:14,253 - INFO - Got CE26
2025-08-15 16:27:14,253 - INFO - Processing Analyse_de_Volatilit___SAP.png
2025-08-15 16:27:14,253 - INFO - Sending big command for Analyse_de_Volatilit___SAP.png.
2025-08-15 16:27:14,358 - INFO - Sent big command for Analyse_de_Volatilit___SAP.png.
2025-08-15 16:27:14,360 - INFO - Reloading tab CE26 before return.
2025-08-15 16:27:14,410 - INFO - Putting tab CE26 back (queue size: 0).
2025-08-15 16:27:14,410 - INFO - Waiting for all cleanups to finish.
2025-08-15 16:27:14,410 - INFO - Exiting Kaleido
2025-08-15 16:27:14,410 - INFO - TemporaryDirectory.cleanup() worked.
2025-08-15 16:27:14,410 - INFO - shutil.rmtree worked.
2025-08-15 16:27:14,410 - INFO - Cancelling tasks.
2025-08-15 16:27:14,410 - INFO - Exiting Kaleido/Choreo
2025-08-15 16:27:14,410 - INFO - Closing browser.
2025-08-15 16:27:14,412 - INFO - TemporaryDirectory.cleanup() worked.
2025-08-15 16:27:14,412 - INFO - shutil.rmtree worked.
2025-08-15 16:27:14,412 - INFO - Cancelling tasks.
2025-08-15 16:27:14,412 - INFO - Exiting Kaleido/Choreo
2025-08-15 16:27:14,412 - INFO - Closing browser.
2025-08-15 16:27:14,500 - INFO - TemporaryDirectory.cleanup() worked.
2025-08-15 16:27:14,500 - INFO - shutil.rmtree worked.
2025-08-15 16:27:14,504 - INFO - TemporaryDirectory.cleanup() worked.
2025-08-15 16:27:14,504 - INFO - shutil.rmtree worked.
2025-08-15 16:27:14,537 - INFO - Chromium init'ed with kwargs {}
2025-08-15 16:27:14,537 - INFO - Found chromium path: /Applications/Google Chrome.app/Contents/MacOS/Google Chrome
2025-08-15 16:27:14,537 - INFO - Temp directory created: /var/folders/2g/4677kq897d1c6wm_w0kfmndc0000gn/T/tmplmknyl7l.
2025-08-15 16:27:14,538 - INFO - Opening browser.
2025-08-15 16:27:14,538 - INFO - Temp directory created: /var/folders/2g/4677kq897d1c6wm_w0kfmndc0000gn/T/tmpgrh9ort0.
2025-08-15 16:27:14,538 - INFO - Temporary directory at: /var/folders/2g/4677kq897d1c6wm_w0kfmndc0000gn/T/tmpgrh9ort0
2025-08-15 16:27:14,811 - INFO - Conforming 1 to file:///var/folders/2g/4677kq897d1c6wm_w0kfmndc0000gn/T/tmplmknyl7l/index.html
2025-08-15 16:27:14,817 - INFO - Waiting on all navigates
2025-08-15 16:27:15,103 - INFO - All navigates done, putting them all in queue.
2025-08-15 16:27:15,104 - INFO - Getting tab from queue (has 1)
2025-08-15 16:27:15,104 - INFO - Got 8F29
2025-08-15 16:27:15,104 - INFO - Processing Simulation_Monte_Carlo___SAP_1000_simulations_1_an.png
2025-08-15 16:27:15,104 - INFO - Sending big command for Simulation_Monte_Carlo___SAP_1000_simulations_1_an.png.
2025-08-15 16:27:15,173 - INFO - Sent big command for Simulation_Monte_Carlo___SAP_1000_simulations_1_an.png.
2025-08-15 16:27:15,177 - INFO - Reloading tab 8F29 before return.
2025-08-15 16:27:15,398 - INFO - Putting tab 8F29 back (queue size: 0).
2025-08-15 16:27:15,398 - INFO - Waiting for all cleanups to finish.
2025-08-15 16:27:15,398 - INFO - Exiting Kaleido
2025-08-15 16:27:15,398 - INFO - TemporaryDirectory.cleanup() worked.
2025-08-15 16:27:15,398 - INFO - shutil.rmtree worked.
2025-08-15 16:27:15,399 - INFO - Cancelling tasks.
2025-08-15 16:27:15,399 - INFO - Exiting Kaleido/Choreo
2025-08-15 16:27:15,399 - INFO - Closing browser.
2025-08-15 16:27:15,400 - INFO - TemporaryDirectory.cleanup() worked.
2025-08-15 16:27:15,400 - INFO - shutil.rmtree worked.
2025-08-15 16:27:15,400 - INFO - Cancelling tasks.
2025-08-15 16:27:15,400 - INFO - Exiting Kaleido/Choreo
2025-08-15 16:27:15,400 - INFO - Closing browser.
2025-08-15 16:27:15,487 - INFO - TemporaryDirectory.cleanup() worked.
2025-08-15 16:27:15,487 - INFO - shutil.rmtree worked.
2025-08-15 16:27:15,494 - INFO - TemporaryDirectory.cleanup() worked.
2025-08-15 16:27:15,494 - INFO - shutil.rmtree worked.
2025-08-15 16:27:16,178 - INFO - Rapport ultra-premium généré: ../public/reports/ULTRA_RAPPORT_SAP_20250815_162706.pdf
2025-08-15 16:27:16,178 - INFO - Analyse ultra-complète terminée avec succès
2025-08-15 16:27:16,178 - INFO - ✅ PDF ULTRA-COMPLET généré: ULTRA_RAPPORT_SAP_20250815_162706.pdf
2025-08-15 16:27:16,178 - INFO - 📊 Taille du fichier: 1.93 MB
2025-08-15 16:27:16,180 - INFO - ✅ Rapport cmecx9323001bvcm74fmwpjpz terminé
2025-08-15 16:27:16,180 - INFO - 🔄 Traitement terminé: 1 rapports traités
2025-08-15 16:27:46,185 - INFO - 🔄 Début du traitement des rapports...
2025-08-15 16:27:46,225 - INFO - 📋 Aucun rapport en attente
2025-08-15 16:28:16,228 - INFO - 🔄 Début du traitement des rapports...
2025-08-15 16:28:16,274 - INFO - 📋 Aucun rapport en attente
2025-08-15 16:28:46,276 - INFO - 🔄 Début du traitement des rapports...
2025-08-15 16:28:46,302 - INFO - 📋 Aucun rapport en attente
2025-08-15 16:29:16,308 - INFO - 🔄 Début du traitement des rapports...
2025-08-15 16:29:16,350 - INFO - 📋 Aucun rapport en attente
2025-08-15 16:29:46,355 - INFO - 🔄 Début du traitement des rapports...
2025-08-15 16:29:46,394 - INFO - 🔄 Traitement rapport cmecxcs33001fvcm7g08nxacr (BRK-B)
2025-08-15 16:29:46,395 - INFO - 📄 Génération PDF ULTRA-COMPLET pour BRK-B
2025-08-15 16:29:46,397 - INFO - Démarrage de l'analyse ultra-complète pour BRK-B
2025-08-15 16:29:46,397 - INFO - Récupération des données complètes pour BRK-B
2025-08-15 16:29:49,549 - INFO - Données récupérées avec succès
2025-08-15 16:29:49,549 - INFO - Calcul des indicateurs techniques avancés
2025-08-15 16:29:49,898 - INFO - Calculé 67 indicateurs techniques
2025-08-15 16:29:49,899 - INFO - Analyse fondamentale approfondie
2025-08-15 16:29:49,899 - INFO - Analyse de risque quantitative
[*********************100%***********************]  1 of 1 completed
2025-08-15 16:29:49,927 - INFO - Génération de prédictions ML
2025-08-15 16:29:50,201 - INFO - Simulation Monte Carlo: 1000 simulations sur 252 jours
2025-08-15 16:29:50,234 - INFO - Génération du rapport PDF ultra-premium
2025-08-15 16:29:50,235 - INFO - Génération des graphiques ultra-complets
2025-08-15 16:29:50,325 - INFO - Chromium init'ed with kwargs {}
2025-08-15 16:29:50,325 - INFO - Found chromium path: /Applications/Google Chrome.app/Contents/MacOS/Google Chrome
2025-08-15 16:29:50,325 - INFO - Temp directory created: /var/folders/2g/4677kq897d1c6wm_w0kfmndc0000gn/T/tmppsc8o5fe.
2025-08-15 16:29:50,326 - INFO - Opening browser.
2025-08-15 16:29:50,326 - INFO - Temp directory created: /var/folders/2g/4677kq897d1c6wm_w0kfmndc0000gn/T/tmp8j97ouoc.
2025-08-15 16:29:50,326 - INFO - Temporary directory at: /var/folders/2g/4677kq897d1c6wm_w0kfmndc0000gn/T/tmp8j97ouoc
2025-08-15 16:29:50,950 - INFO - Conforming 1 to file:///var/folders/2g/4677kq897d1c6wm_w0kfmndc0000gn/T/tmppsc8o5fe/index.html
2025-08-15 16:29:50,952 - INFO - Waiting on all navigates
2025-08-15 16:29:51,474 - INFO - All navigates done, putting them all in queue.
2025-08-15 16:29:51,475 - INFO - Getting tab from queue (has 1)
2025-08-15 16:29:51,475 - INFO - Got 0714
2025-08-15 16:29:51,475 - INFO - Processing Analyse_Technique_Complte___BRK_B.png
2025-08-15 16:29:51,475 - INFO - Sending big command for Analyse_Technique_Complte___BRK_B.png.
2025-08-15 16:29:51,659 - INFO - Sent big command for Analyse_Technique_Complte___BRK_B.png.
2025-08-15 16:29:51,662 - INFO - Reloading tab 0714 before return.
2025-08-15 16:29:51,712 - INFO - Putting tab 0714 back (queue size: 0).
2025-08-15 16:29:51,712 - INFO - Waiting for all cleanups to finish.
2025-08-15 16:29:51,712 - INFO - Exiting Kaleido
2025-08-15 16:29:51,712 - INFO - TemporaryDirectory.cleanup() worked.
2025-08-15 16:29:51,712 - INFO - shutil.rmtree worked.
2025-08-15 16:29:51,712 - INFO - Cancelling tasks.
2025-08-15 16:29:51,712 - INFO - Exiting Kaleido/Choreo
2025-08-15 16:29:51,712 - INFO - Closing browser.
2025-08-15 16:29:51,714 - INFO - TemporaryDirectory.cleanup() worked.
2025-08-15 16:29:51,714 - INFO - shutil.rmtree worked.
2025-08-15 16:29:51,714 - INFO - Cancelling tasks.
2025-08-15 16:29:51,715 - INFO - Exiting Kaleido/Choreo
2025-08-15 16:29:51,715 - INFO - Closing browser.
2025-08-15 16:29:51,796 - INFO - TemporaryDirectory.cleanup() worked.
2025-08-15 16:29:51,796 - INFO - shutil.rmtree worked.
2025-08-15 16:29:51,800 - INFO - TemporaryDirectory.cleanup() worked.
2025-08-15 16:29:51,800 - INFO - shutil.rmtree worked.
2025-08-15 16:29:51,880 - INFO - Chromium init'ed with kwargs {}
2025-08-15 16:29:51,882 - INFO - Found chromium path: /Applications/Google Chrome.app/Contents/MacOS/Google Chrome
2025-08-15 16:29:51,882 - INFO - Temp directory created: /var/folders/2g/4677kq897d1c6wm_w0kfmndc0000gn/T/tmpnv7hllnv.
2025-08-15 16:29:51,882 - INFO - Opening browser.
2025-08-15 16:29:51,883 - INFO - Temp directory created: /var/folders/2g/4677kq897d1c6wm_w0kfmndc0000gn/T/tmp0s9xkd4k.
2025-08-15 16:29:51,883 - INFO - Temporary directory at: /var/folders/2g/4677kq897d1c6wm_w0kfmndc0000gn/T/tmp0s9xkd4k
2025-08-15 16:29:52,169 - INFO - Conforming 1 to file:///var/folders/2g/4677kq897d1c6wm_w0kfmndc0000gn/T/tmpnv7hllnv/index.html
2025-08-15 16:29:52,178 - INFO - Waiting on all navigates
2025-08-15 16:29:52,473 - INFO - All navigates done, putting them all in queue.
2025-08-15 16:29:52,475 - INFO - Getting tab from queue (has 1)
2025-08-15 16:29:52,475 - INFO - Got 4A70
2025-08-15 16:29:52,475 - INFO - Processing Indicateurs_de_Momentum___BRK_B.png
2025-08-15 16:29:52,475 - INFO - Sending big command for Indicateurs_de_Momentum___BRK_B.png.
2025-08-15 16:29:52,649 - INFO - Sent big command for Indicateurs_de_Momentum___BRK_B.png.
2025-08-15 16:29:52,653 - INFO - Reloading tab 4A70 before return.
2025-08-15 16:29:52,877 - INFO - Putting tab 4A70 back (queue size: 0).
2025-08-15 16:29:52,878 - INFO - Waiting for all cleanups to finish.
2025-08-15 16:29:52,878 - INFO - Exiting Kaleido
2025-08-15 16:29:52,878 - INFO - TemporaryDirectory.cleanup() worked.
2025-08-15 16:29:52,878 - INFO - shutil.rmtree worked.
2025-08-15 16:29:52,878 - INFO - Cancelling tasks.
2025-08-15 16:29:52,878 - INFO - Exiting Kaleido/Choreo
2025-08-15 16:29:52,878 - INFO - Closing browser.
2025-08-15 16:29:52,879 - INFO - TemporaryDirectory.cleanup() worked.
2025-08-15 16:29:52,880 - INFO - shutil.rmtree worked.
2025-08-15 16:29:52,880 - INFO - Cancelling tasks.
2025-08-15 16:29:52,880 - INFO - Exiting Kaleido/Choreo
2025-08-15 16:29:52,880 - INFO - Closing browser.
2025-08-15 16:29:52,967 - INFO - TemporaryDirectory.cleanup() worked.
2025-08-15 16:29:52,967 - INFO - shutil.rmtree worked.
2025-08-15 16:29:52,979 - INFO - TemporaryDirectory.cleanup() worked.
2025-08-15 16:29:52,979 - INFO - shutil.rmtree worked.
2025-08-15 16:29:53,084 - INFO - Chromium init'ed with kwargs {}
2025-08-15 16:29:53,085 - INFO - Found chromium path: /Applications/Google Chrome.app/Contents/MacOS/Google Chrome
2025-08-15 16:29:53,085 - INFO - Temp directory created: /var/folders/2g/4677kq897d1c6wm_w0kfmndc0000gn/T/tmpwwcg9qnc.
2025-08-15 16:29:53,085 - INFO - Opening browser.
2025-08-15 16:29:53,086 - INFO - Temp directory created: /var/folders/2g/4677kq897d1c6wm_w0kfmndc0000gn/T/tmp0vl1xctx.
2025-08-15 16:29:53,086 - INFO - Temporary directory at: /var/folders/2g/4677kq897d1c6wm_w0kfmndc0000gn/T/tmp0vl1xctx
2025-08-15 16:29:53,351 - INFO - Conforming 1 to file:///var/folders/2g/4677kq897d1c6wm_w0kfmndc0000gn/T/tmpwwcg9qnc/index.html
2025-08-15 16:29:53,360 - INFO - Waiting on all navigates
2025-08-15 16:29:53,641 - INFO - All navigates done, putting them all in queue.
2025-08-15 16:29:53,641 - INFO - Getting tab from queue (has 1)
2025-08-15 16:29:53,641 - INFO - Got 1B8B
2025-08-15 16:29:53,641 - INFO - Processing Analyse_de_Volatilit___BRK_B.png
2025-08-15 16:29:53,641 - INFO - Sending big command for Analyse_de_Volatilit___BRK_B.png.
2025-08-15 16:29:53,746 - INFO - Sent big command for Analyse_de_Volatilit___BRK_B.png.
2025-08-15 16:29:53,748 - INFO - Reloading tab 1B8B before return.
2025-08-15 16:29:53,971 - INFO - Putting tab 1B8B back (queue size: 0).
2025-08-15 16:29:53,972 - INFO - Waiting for all cleanups to finish.
2025-08-15 16:29:53,972 - INFO - Exiting Kaleido
2025-08-15 16:29:53,972 - INFO - TemporaryDirectory.cleanup() worked.
2025-08-15 16:29:53,972 - INFO - shutil.rmtree worked.
2025-08-15 16:29:53,972 - INFO - Cancelling tasks.
2025-08-15 16:29:53,972 - INFO - Exiting Kaleido/Choreo
2025-08-15 16:29:53,972 - INFO - Closing browser.
2025-08-15 16:29:53,973 - INFO - TemporaryDirectory.cleanup() worked.
2025-08-15 16:29:53,973 - INFO - shutil.rmtree worked.
2025-08-15 16:29:53,973 - INFO - Cancelling tasks.
2025-08-15 16:29:53,973 - INFO - Exiting Kaleido/Choreo
2025-08-15 16:29:53,973 - INFO - Closing browser.
2025-08-15 16:29:54,062 - INFO - TemporaryDirectory.cleanup() worked.
2025-08-15 16:29:54,062 - INFO - shutil.rmtree worked.
2025-08-15 16:29:54,067 - INFO - TemporaryDirectory.cleanup() worked.
2025-08-15 16:29:54,067 - INFO - shutil.rmtree worked.
2025-08-15 16:29:54,101 - INFO - Chromium init'ed with kwargs {}
2025-08-15 16:29:54,102 - INFO - Found chromium path: /Applications/Google Chrome.app/Contents/MacOS/Google Chrome
2025-08-15 16:29:54,102 - INFO - Temp directory created: /var/folders/2g/4677kq897d1c6wm_w0kfmndc0000gn/T/tmpm_o0awb1.
2025-08-15 16:29:54,102 - INFO - Opening browser.
2025-08-15 16:29:54,102 - INFO - Temp directory created: /var/folders/2g/4677kq897d1c6wm_w0kfmndc0000gn/T/tmpb1464_0d.
2025-08-15 16:29:54,102 - INFO - Temporary directory at: /var/folders/2g/4677kq897d1c6wm_w0kfmndc0000gn/T/tmpb1464_0d
2025-08-15 16:29:54,396 - INFO - Conforming 1 to file:///var/folders/2g/4677kq897d1c6wm_w0kfmndc0000gn/T/tmpm_o0awb1/index.html
2025-08-15 16:29:54,397 - INFO - Waiting on all navigates
2025-08-15 16:29:54,667 - INFO - All navigates done, putting them all in queue.
2025-08-15 16:29:54,668 - INFO - Getting tab from queue (has 1)
2025-08-15 16:29:54,668 - INFO - Got 4ABB
2025-08-15 16:29:54,668 - INFO - Processing Simulation_Monte_Carlo___BRK_B_1000_simulations_1_an.png
2025-08-15 16:29:54,668 - INFO - Sending big command for Simulation_Monte_Carlo___BRK_B_1000_simulations_1_an.png.
2025-08-15 16:29:54,734 - INFO - Sent big command for Simulation_Monte_Carlo___BRK_B_1000_simulations_1_an.png.
2025-08-15 16:29:54,738 - INFO - Reloading tab 4ABB before return.
2025-08-15 16:29:54,960 - INFO - Putting tab 4ABB back (queue size: 0).
2025-08-15 16:29:54,960 - INFO - Waiting for all cleanups to finish.
2025-08-15 16:29:54,960 - INFO - Exiting Kaleido
2025-08-15 16:29:54,960 - INFO - TemporaryDirectory.cleanup() worked.
2025-08-15 16:29:54,960 - INFO - shutil.rmtree worked.
2025-08-15 16:29:54,960 - INFO - Cancelling tasks.
2025-08-15 16:29:54,960 - INFO - Exiting Kaleido/Choreo
2025-08-15 16:29:54,960 - INFO - Closing browser.
2025-08-15 16:29:54,961 - INFO - TemporaryDirectory.cleanup() worked.
2025-08-15 16:29:54,961 - INFO - shutil.rmtree worked.
2025-08-15 16:29:54,961 - INFO - Cancelling tasks.
2025-08-15 16:29:54,961 - INFO - Exiting Kaleido/Choreo
2025-08-15 16:29:54,962 - INFO - Closing browser.
2025-08-15 16:29:55,050 - INFO - TemporaryDirectory.cleanup() worked.
2025-08-15 16:29:55,050 - INFO - shutil.rmtree worked.
2025-08-15 16:29:55,758 - INFO - Rapport ultra-premium généré: ../public/reports/ULTRA_RAPPORT_BRK-B_20250815_162946.pdf
2025-08-15 16:29:55,759 - INFO - Analyse ultra-complète terminée avec succès
2025-08-15 16:29:55,759 - INFO - ✅ PDF ULTRA-COMPLET généré: ULTRA_RAPPORT_BRK-B_20250815_162946.pdf
2025-08-15 16:29:55,759 - INFO - 📊 Taille du fichier: 1.93 MB
2025-08-15 16:29:55,760 - INFO - ✅ Rapport cmecxcs33001fvcm7g08nxacr terminé
2025-08-15 16:29:55,760 - INFO - 🔄 Traitement terminé: 1 rapports traités
2025-08-15 16:30:25,765 - INFO - 🔄 Début du traitement des rapports...
2025-08-15 16:30:25,805 - INFO - 📋 Aucun rapport en attente
2025-08-15 16:30:55,807 - INFO - 🔄 Début du traitement des rapports...
2025-08-15 16:30:55,837 - INFO - 📋 Aucun rapport en attente
2025-08-15 16:31:25,841 - INFO - 🔄 Début du traitement des rapports...
2025-08-15 16:31:25,882 - INFO - 📋 Aucun rapport en attente
2025-08-15 16:31:55,886 - INFO - 🔄 Début du traitement des rapports...
2025-08-15 16:31:55,921 - INFO - 📋 Aucun rapport en attente
2025-08-15 16:32:25,926 - INFO - 🔄 Début du traitement des rapports...
2025-08-15 16:32:25,955 - INFO - 📋 Aucun rapport en attente
2025-08-15 16:32:55,961 - INFO - 🔄 Début du traitement des rapports...
2025-08-15 16:32:55,997 - INFO - 📋 Aucun rapport en attente
2025-08-15 16:33:26,000 - INFO - 🔄 Début du traitement des rapports...
2025-08-15 16:33:26,028 - INFO - 📋 Aucun rapport en attente
2025-08-15 16:33:56,031 - INFO - 🔄 Début du traitement des rapports...
2025-08-15 16:33:56,071 - INFO - 📋 Aucun rapport en attente
2025-08-15 16:34:26,075 - INFO - 🔄 Début du traitement des rapports...
2025-08-15 16:34:26,118 - INFO - 📋 Aucun rapport en attente
2025-08-15 16:34:56,124 - INFO - 🔄 Début du traitement des rapports...
2025-08-15 16:34:56,156 - INFO - 📋 Aucun rapport en attente
2025-08-15 16:35:26,161 - INFO - 🔄 Début du traitement des rapports...
2025-08-15 16:35:26,197 - INFO - 📋 Aucun rapport en attente
2025-08-15 16:35:56,201 - INFO - 🔄 Début du traitement des rapports...
2025-08-15 16:35:56,229 - INFO - 📋 Aucun rapport en attente
2025-08-15 16:36:26,225 - INFO - 🔄 Début du traitement des rapports...
2025-08-15 16:36:26,245 - INFO - 📋 Aucun rapport en attente
2025-08-15 16:36:56,249 - INFO - 🔄 Début du traitement des rapports...
2025-08-15 16:36:56,278 - INFO - 📋 Aucun rapport en attente
2025-08-15 16:37:26,281 - INFO - 🔄 Début du traitement des rapports...
2025-08-15 16:37:26,306 - INFO - 📋 Aucun rapport en attente
2025-08-15 16:37:56,307 - INFO - 🔄 Début du traitement des rapports...
2025-08-15 16:37:56,329 - INFO - 📋 Aucun rapport en attente
2025-08-15 16:38:26,334 - INFO - 🔄 Début du traitement des rapports...
2025-08-15 16:38:26,364 - INFO - 📋 Aucun rapport en attente
2025-08-15 16:38:56,367 - INFO - 🔄 Début du traitement des rapports...
2025-08-15 16:38:56,395 - INFO - 📋 Aucun rapport en attente
2025-08-15 16:39:26,400 - INFO - 🔄 Début du traitement des rapports...
2025-08-15 16:39:26,428 - INFO - 📋 Aucun rapport en attente
2025-08-15 16:39:56,430 - INFO - 🔄 Début du traitement des rapports...
2025-08-15 16:39:56,455 - INFO - 📋 Aucun rapport en attente
2025-08-15 16:40:26,458 - INFO - 🔄 Début du traitement des rapports...
2025-08-15 16:40:26,486 - INFO - 📋 Aucun rapport en attente
2025-08-15 16:40:56,490 - INFO - 🔄 Début du traitement des rapports...
2025-08-15 16:40:56,516 - INFO - 📋 Aucun rapport en attente
2025-08-15 16:41:26,521 - INFO - 🔄 Début du traitement des rapports...
2025-08-15 16:41:26,547 - INFO - 📋 Aucun rapport en attente
2025-08-15 16:41:56,552 - INFO - 🔄 Début du traitement des rapports...
2025-08-15 16:41:56,578 - INFO - 📋 Aucun rapport en attente
2025-08-15 16:42:26,579 - INFO - 🔄 Début du traitement des rapports...
2025-08-15 16:42:26,620 - INFO - 📋 Aucun rapport en attente
2025-08-15 16:42:56,625 - INFO - 🔄 Début du traitement des rapports...
2025-08-15 16:42:56,651 - INFO - 📋 Aucun rapport en attente
2025-08-15 16:43:26,655 - INFO - 🔄 Début du traitement des rapports...
2025-08-15 16:43:26,691 - INFO - 📋 Aucun rapport en attente
2025-08-15 16:43:56,695 - INFO - 🔄 Début du traitement des rapports...
2025-08-15 16:43:56,721 - INFO - 📋 Aucun rapport en attente
2025-08-15 16:44:26,723 - INFO - 🔄 Début du traitement des rapports...
2025-08-15 16:44:26,755 - INFO - 📋 Aucun rapport en attente
2025-08-15 16:44:56,759 - INFO - 🔄 Début du traitement des rapports...
2025-08-15 16:44:56,798 - INFO - 📋 Aucun rapport en attente
2025-08-15 16:45:26,804 - INFO - 🔄 Début du traitement des rapports...
2025-08-15 16:45:26,832 - INFO - 📋 Aucun rapport en attente
2025-08-15 16:45:56,835 - INFO - 🔄 Début du traitement des rapports...
2025-08-15 16:45:56,859 - INFO - 📋 Aucun rapport en attente
2025-08-15 16:46:26,863 - INFO - 🔄 Début du traitement des rapports...
2025-08-15 16:46:26,898 - INFO - 📋 Aucun rapport en attente
2025-08-15 16:46:56,900 - INFO - 🔄 Début du traitement des rapports...
2025-08-15 16:46:56,930 - INFO - 📋 Aucun rapport en attente
2025-08-15 16:47:26,931 - INFO - 🔄 Début du traitement des rapports...
2025-08-15 16:47:26,969 - INFO - 📋 Aucun rapport en attente
2025-08-15 16:47:56,972 - INFO - 🔄 Début du traitement des rapports...
2025-08-15 16:47:57,001 - INFO - 📋 Aucun rapport en attente
2025-08-15 16:48:27,006 - INFO - 🔄 Début du traitement des rapports...
2025-08-15 16:48:27,033 - INFO - 📋 Aucun rapport en attente
2025-08-15 16:48:57,035 - INFO - 🔄 Début du traitement des rapports...
2025-08-15 16:48:57,064 - INFO - 📋 Aucun rapport en attente
2025-08-15 16:49:27,070 - INFO - 🔄 Début du traitement des rapports...
2025-08-15 16:49:27,101 - INFO - 📋 Aucun rapport en attente
2025-08-15 16:49:57,104 - INFO - 🔄 Début du traitement des rapports...
2025-08-15 16:49:57,133 - INFO - 📋 Aucun rapport en attente
2025-08-15 16:50:27,138 - INFO - 🔄 Début du traitement des rapports...
2025-08-15 16:50:27,168 - INFO - 📋 Aucun rapport en attente
2025-08-15 16:50:57,172 - INFO - 🔄 Début du traitement des rapports...
2025-08-15 16:50:57,202 - INFO - 📋 Aucun rapport en attente
2025-08-15 16:51:27,212 - INFO - 🔄 Début du traitement des rapports...
2025-08-15 16:51:27,239 - INFO - 📋 Aucun rapport en attente
2025-08-15 16:51:57,245 - INFO - 🔄 Début du traitement des rapports...
2025-08-15 16:51:57,274 - INFO - 📋 Aucun rapport en attente
2025-08-15 16:52:27,275 - INFO - 🔄 Début du traitement des rapports...
2025-08-15 16:52:27,303 - INFO - 📋 Aucun rapport en attente
2025-08-15 16:52:57,312 - INFO - 🔄 Début du traitement des rapports...
2025-08-15 16:52:57,340 - INFO - 📋 Aucun rapport en attente
2025-08-15 16:53:27,349 - INFO - 🔄 Début du traitement des rapports...
2025-08-15 16:53:27,377 - INFO - 📋 Aucun rapport en attente
2025-08-15 16:53:57,380 - INFO - 🔄 Début du traitement des rapports...
2025-08-15 16:53:57,411 - INFO - 📋 Aucun rapport en attente
2025-08-15 16:54:27,418 - INFO - 🔄 Début du traitement des rapports...
2025-08-15 16:54:27,451 - INFO - 📋 Aucun rapport en attente
2025-08-15 16:54:57,454 - INFO - 🔄 Début du traitement des rapports...
2025-08-15 16:54:57,478 - INFO - 📋 Aucun rapport en attente
2025-08-15 16:55:27,487 - INFO - 🔄 Début du traitement des rapports...
2025-08-15 16:55:27,515 - INFO - 📋 Aucun rapport en attente
2025-08-15 16:55:57,524 - INFO - 🔄 Début du traitement des rapports...
2025-08-15 16:55:57,563 - INFO - 📋 Aucun rapport en attente
2025-08-15 16:56:27,567 - INFO - 🔄 Début du traitement des rapports...
2025-08-15 16:56:27,591 - INFO - 📋 Aucun rapport en attente
2025-08-15 16:56:57,597 - INFO - 🔄 Début du traitement des rapports...
2025-08-15 16:56:57,631 - INFO - 📋 Aucun rapport en attente
2025-08-15 16:57:27,641 - INFO - 🔄 Début du traitement des rapports...
2025-08-15 16:57:27,673 - INFO - 📋 Aucun rapport en attente
2025-08-15 16:57:57,679 - INFO - 🔄 Début du traitement des rapports...
2025-08-15 16:57:57,703 - INFO - 📋 Aucun rapport en attente
2025-08-15 16:58:27,709 - INFO - 🔄 Début du traitement des rapports...
2025-08-15 16:58:27,743 - INFO - 📋 Aucun rapport en attente
2025-08-15 16:58:57,753 - INFO - 🔄 Début du traitement des rapports...
2025-08-15 16:58:57,786 - INFO - 📋 Aucun rapport en attente
2025-08-15 16:59:27,796 - INFO - 🔄 Début du traitement des rapports...
2025-08-15 16:59:27,822 - INFO - 📋 Aucun rapport en attente
2025-08-15 16:59:57,831 - INFO - 🔄 Début du traitement des rapports...
2025-08-15 16:59:57,861 - INFO - 📋 Aucun rapport en attente
2025-08-15 17:00:27,863 - INFO - 🔄 Début du traitement des rapports...
2025-08-15 17:00:27,900 - INFO - 📋 Aucun rapport en attente
2025-08-15 17:00:57,901 - INFO - 🔄 Début du traitement des rapports...
2025-08-15 17:00:57,935 - INFO - 📋 Aucun rapport en attente
2025-08-15 17:01:27,938 - INFO - 🔄 Début du traitement des rapports...
2025-08-15 17:01:27,977 - INFO - 📋 Aucun rapport en attente
2025-08-15 17:01:57,979 - INFO - 🔄 Début du traitement des rapports...
2025-08-15 17:01:58,018 - INFO - 📋 Aucun rapport en attente
2025-08-15 17:02:28,020 - INFO - 🔄 Début du traitement des rapports...
2025-08-15 17:02:28,060 - INFO - 📋 Aucun rapport en attente
2025-08-15 17:02:58,066 - INFO - 🔄 Début du traitement des rapports...
2025-08-15 17:02:58,099 - INFO - 📋 Aucun rapport en attente
2025-08-15 17:03:28,101 - INFO - 🔄 Début du traitement des rapports...
2025-08-15 17:03:28,137 - INFO - 📋 Aucun rapport en attente
2025-08-15 17:03:58,141 - INFO - 🔄 Début du traitement des rapports...
2025-08-15 17:03:58,167 - INFO - 📋 Aucun rapport en attente
2025-08-15 17:04:28,168 - INFO - 🔄 Début du traitement des rapports...
2025-08-15 17:04:28,203 - INFO - 📋 Aucun rapport en attente
2025-08-15 17:04:58,207 - INFO - 🔄 Début du traitement des rapports...
2025-08-15 17:04:58,240 - INFO - 📋 Aucun rapport en attente
2025-08-15 17:05:28,246 - INFO - 🔄 Début du traitement des rapports...
2025-08-15 17:05:28,284 - INFO - 📋 Aucun rapport en attente
2025-08-15 17:05:58,289 - INFO - 🔄 Début du traitement des rapports...
2025-08-15 17:05:58,313 - INFO - 📋 Aucun rapport en attente
2025-08-15 17:06:28,319 - INFO - 🔄 Début du traitement des rapports...
2025-08-15 17:06:28,350 - INFO - 📋 Aucun rapport en attente
2025-08-15 17:06:58,351 - INFO - 🔄 Début du traitement des rapports...
2025-08-15 17:06:58,382 - INFO - 📋 Aucun rapport en attente
2025-08-15 17:07:28,384 - INFO - 🔄 Début du traitement des rapports...
2025-08-15 17:07:28,415 - INFO - 📋 Aucun rapport en attente
2025-08-15 17:07:58,420 - INFO - 🔄 Début du traitement des rapports...
2025-08-15 17:07:58,450 - INFO - 📋 Aucun rapport en attente
2025-08-15 17:08:28,455 - INFO - 🔄 Début du traitement des rapports...
2025-08-15 17:08:28,483 - INFO - 📋 Aucun rapport en attente
2025-08-15 17:08:58,487 - INFO - 🔄 Début du traitement des rapports...
2025-08-15 17:08:58,509 - INFO - 📋 Aucun rapport en attente
2025-08-15 17:09:28,514 - INFO - 🔄 Début du traitement des rapports...
2025-08-15 17:09:28,545 - INFO - 📋 Aucun rapport en attente
2025-08-15 17:09:58,551 - INFO - 🔄 Début du traitement des rapports...
2025-08-15 17:09:58,590 - INFO - 📋 Aucun rapport en attente
2025-08-15 17:10:28,596 - INFO - 🔄 Début du traitement des rapports...
2025-08-15 17:10:28,637 - INFO - 📋 Aucun rapport en attente
2025-08-15 17:10:58,627 - INFO - 🔄 Début du traitement des rapports...
2025-08-15 17:10:58,660 - INFO - 📋 Aucun rapport en attente
2025-08-15 17:11:28,644 - INFO - 🔄 Début du traitement des rapports...
2025-08-15 17:11:28,676 - INFO - 📋 Aucun rapport en attente
2025-08-15 17:11:58,678 - INFO - 🔄 Début du traitement des rapports...
2025-08-15 17:11:58,705 - INFO - 📋 Aucun rapport en attente
2025-08-15 17:12:28,705 - INFO - 🔄 Début du traitement des rapports...
2025-08-15 17:12:28,728 - INFO - 📋 Aucun rapport en attente
2025-08-15 17:12:58,733 - INFO - 🔄 Début du traitement des rapports...
2025-08-15 17:12:58,760 - INFO - 📋 Aucun rapport en attente
2025-08-15 17:13:28,765 - INFO - 🔄 Début du traitement des rapports...
2025-08-15 17:13:28,810 - INFO - 📋 Aucun rapport en attente
2025-08-15 17:13:58,815 - INFO - 🔄 Début du traitement des rapports...
2025-08-15 17:13:58,840 - INFO - 📋 Aucun rapport en attente
2025-08-15 17:14:28,845 - INFO - 🔄 Début du traitement des rapports...
2025-08-15 17:14:28,873 - INFO - 📋 Aucun rapport en attente
2025-08-15 17:14:58,877 - INFO - 🔄 Début du traitement des rapports...
2025-08-15 17:14:58,911 - INFO - 📋 Aucun rapport en attente
2025-08-15 17:15:28,914 - INFO - 🔄 Début du traitement des rapports...
2025-08-15 17:15:28,954 - INFO - 📋 Aucun rapport en attente
2025-08-15 17:15:58,959 - INFO - 🔄 Début du traitement des rapports...
2025-08-15 17:15:58,984 - INFO - 📋 Aucun rapport en attente
2025-08-15 17:16:28,989 - INFO - 🔄 Début du traitement des rapports...
2025-08-15 17:16:29,021 - INFO - 📋 Aucun rapport en attente
2025-08-15 17:16:59,025 - INFO - 🔄 Début du traitement des rapports...
2025-08-15 17:16:59,056 - INFO - 📋 Aucun rapport en attente
2025-08-15 17:17:29,057 - INFO - 🔄 Début du traitement des rapports...
2025-08-15 17:17:29,084 - INFO - 📋 Aucun rapport en attente
2025-08-15 17:17:59,086 - INFO - 🔄 Début du traitement des rapports...
2025-08-15 17:17:59,115 - INFO - 📋 Aucun rapport en attente
2025-08-15 17:18:29,118 - INFO - 🔄 Début du traitement des rapports...
2025-08-15 17:18:29,157 - INFO - 📋 Aucun rapport en attente
2025-08-15 17:18:59,159 - INFO - 🔄 Début du traitement des rapports...
2025-08-15 17:18:59,184 - INFO - 📋 Aucun rapport en attente
2025-08-15 17:19:29,188 - INFO - 🔄 Début du traitement des rapports...
2025-08-15 17:19:29,211 - INFO - 📋 Aucun rapport en attente
2025-08-15 17:19:59,212 - INFO - 🔄 Début du traitement des rapports...
2025-08-15 17:19:59,234 - INFO - 📋 Aucun rapport en attente
2025-08-15 17:20:29,238 - INFO - 🔄 Début du traitement des rapports...
2025-08-15 17:20:29,268 - INFO - 📋 Aucun rapport en attente
2025-08-15 17:20:59,273 - INFO - 🔄 Début du traitement des rapports...
2025-08-15 17:20:59,303 - INFO - 📋 Aucun rapport en attente
2025-08-15 17:21:29,307 - INFO - 🔄 Début du traitement des rapports...
2025-08-15 17:21:29,338 - INFO - 📋 Aucun rapport en attente
2025-08-15 17:21:59,343 - INFO - 🔄 Début du traitement des rapports...
2025-08-15 17:21:59,367 - INFO - 📋 Aucun rapport en attente
2025-08-15 17:22:29,369 - INFO - 🔄 Début du traitement des rapports...
2025-08-15 17:22:29,400 - INFO - 📋 Aucun rapport en attente
2025-08-15 17:22:59,401 - INFO - 🔄 Début du traitement des rapports...
2025-08-15 17:22:59,437 - INFO - 📋 Aucun rapport en attente
2025-08-15 17:23:29,437 - INFO - 🔄 Début du traitement des rapports...
2025-08-15 17:23:29,478 - INFO - 📋 Aucun rapport en attente
2025-08-15 17:23:59,482 - INFO - 🔄 Début du traitement des rapports...
2025-08-15 17:23:59,506 - INFO - 📋 Aucun rapport en attente
2025-08-15 17:24:29,510 - INFO - 🔄 Début du traitement des rapports...
2025-08-15 17:24:29,539 - INFO - 📋 Aucun rapport en attente
2025-08-15 17:24:59,543 - INFO - 🔄 Début du traitement des rapports...
2025-08-15 17:24:59,578 - INFO - 📋 Aucun rapport en attente
2025-08-15 17:25:29,582 - INFO - 🔄 Début du traitement des rapports...
2025-08-15 17:25:29,616 - INFO - 📋 Aucun rapport en attente
2025-08-15 17:25:59,621 - INFO - 🔄 Début du traitement des rapports...
2025-08-15 17:25:59,651 - INFO - 📋 Aucun rapport en attente
2025-08-15 17:26:29,655 - INFO - 🔄 Début du traitement des rapports...
2025-08-15 17:26:29,690 - INFO - 📋 Aucun rapport en attente
2025-08-15 17:26:59,693 - INFO - 🔄 Début du traitement des rapports...
2025-08-15 17:26:59,725 - INFO - 📋 Aucun rapport en attente
2025-08-15 17:27:29,730 - INFO - 🔄 Début du traitement des rapports...
2025-08-15 17:27:29,760 - INFO - 📋 Aucun rapport en attente
2025-08-15 17:27:59,764 - INFO - 🔄 Début du traitement des rapports...
2025-08-15 17:27:59,807 - INFO - 📋 Aucun rapport en attente
2025-08-15 17:28:29,815 - INFO - 🔄 Début du traitement des rapports...
2025-08-15 17:28:29,861 - INFO - 📋 Aucun rapport en attente
2025-08-15 17:28:59,867 - INFO - 🔄 Début du traitement des rapports...
2025-08-15 17:28:59,903 - INFO - 📋 Aucun rapport en attente
2025-08-15 17:29:29,904 - INFO - 🔄 Début du traitement des rapports...
2025-08-15 17:29:29,936 - INFO - 📋 Aucun rapport en attente
2025-08-15 17:29:59,939 - INFO - 🔄 Début du traitement des rapports...
2025-08-15 17:29:59,969 - INFO - 📋 Aucun rapport en attente
2025-08-15 17:30:29,973 - INFO - 🔄 Début du traitement des rapports...
2025-08-15 17:30:30,004 - INFO - 📋 Aucun rapport en attente
2025-08-15 17:31:00,009 - INFO - 🔄 Début du traitement des rapports...
2025-08-15 17:31:00,031 - INFO - 📋 Aucun rapport en attente
2025-08-15 17:31:30,033 - INFO - 🔄 Début du traitement des rapports...
2025-08-15 17:31:30,073 - INFO - 📋 Aucun rapport en attente
2025-08-15 17:32:00,076 - INFO - 🔄 Début du traitement des rapports...
2025-08-15 17:32:00,107 - INFO - 📋 Aucun rapport en attente
2025-08-15 17:32:30,112 - INFO - 🔄 Début du traitement des rapports...
2025-08-15 17:32:30,147 - INFO - 📋 Aucun rapport en attente
2025-08-15 17:33:00,153 - INFO - 🔄 Début du traitement des rapports...
2025-08-15 17:33:00,179 - INFO - 📋 Aucun rapport en attente
2025-08-15 17:33:30,184 - INFO - 🔄 Début du traitement des rapports...
2025-08-15 17:33:30,211 - INFO - 📋 Aucun rapport en attente
2025-08-15 17:34:00,214 - INFO - 🔄 Début du traitement des rapports...
2025-08-15 17:34:00,248 - INFO - 📋 Aucun rapport en attente
2025-08-15 17:34:30,250 - INFO - 🔄 Début du traitement des rapports...
2025-08-15 17:34:30,282 - INFO - 📋 Aucun rapport en attente
2025-08-15 17:35:00,292 - INFO - 🔄 Début du traitement des rapports...
2025-08-15 17:35:00,326 - INFO - 📋 Aucun rapport en attente
2025-08-15 17:35:30,334 - INFO - 🔄 Début du traitement des rapports...
2025-08-15 17:35:30,368 - INFO - 📋 Aucun rapport en attente
2025-08-15 17:36:00,376 - INFO - 🔄 Début du traitement des rapports...
2025-08-15 17:36:00,403 - INFO - 📋 Aucun rapport en attente
2025-08-15 17:36:30,408 - INFO - 🔄 Début du traitement des rapports...
2025-08-15 17:36:30,441 - INFO - 📋 Aucun rapport en attente
2025-08-15 17:37:00,442 - INFO - 🔄 Début du traitement des rapports...
2025-08-15 17:37:00,482 - INFO - 📋 Aucun rapport en attente
2025-08-15 17:37:30,491 - INFO - 🔄 Début du traitement des rapports...
2025-08-15 17:37:30,521 - INFO - 📋 Aucun rapport en attente
2025-08-15 17:38:00,532 - INFO - 🔄 Début du traitement des rapports...
2025-08-15 17:38:00,574 - INFO - 📋 Aucun rapport en attente
2025-08-15 17:38:30,580 - INFO - 🔄 Début du traitement des rapports...
2025-08-15 17:38:30,624 - INFO - 📋 Aucun rapport en attente
2025-08-15 17:39:00,633 - INFO - 🔄 Début du traitement des rapports...
2025-08-15 17:39:00,676 - INFO - 📋 Aucun rapport en attente
2025-08-15 17:39:30,684 - INFO - 🔄 Début du traitement des rapports...
2025-08-15 17:39:30,719 - INFO - 📋 Aucun rapport en attente
2025-08-15 17:40:00,728 - INFO - 🔄 Début du traitement des rapports...
2025-08-15 17:40:00,753 - INFO - 📋 Aucun rapport en attente
2025-08-15 17:40:30,755 - INFO - 🔄 Début du traitement des rapports...
2025-08-15 17:40:30,795 - INFO - 📋 Aucun rapport en attente
2025-08-15 17:41:00,803 - INFO - 🔄 Début du traitement des rapports...
2025-08-15 17:41:00,827 - INFO - 📋 Aucun rapport en attente
2025-08-15 17:41:30,833 - INFO - 🔄 Début du traitement des rapports...
2025-08-15 17:41:30,861 - INFO - 📋 Aucun rapport en attente
2025-08-15 17:42:00,868 - INFO - 🔄 Début du traitement des rapports...
2025-08-15 17:42:00,895 - INFO - 📋 Aucun rapport en attente
2025-08-15 17:42:30,910 - INFO - 🔄 Début du traitement des rapports...
2025-08-15 17:42:30,946 - INFO - 📋 Aucun rapport en attente
2025-08-15 17:43:00,955 - INFO - 🔄 Début du traitement des rapports...
2025-08-15 17:43:00,991 - INFO - 📋 Aucun rapport en attente
2025-08-15 17:43:30,997 - INFO - 🔄 Début du traitement des rapports...
2025-08-15 17:43:31,047 - INFO - 📋 Aucun rapport en attente
2025-08-15 17:44:01,052 - INFO - 🔄 Début du traitement des rapports...
2025-08-15 17:44:01,087 - INFO - 📋 Aucun rapport en attente
2025-08-15 17:44:31,092 - INFO - 🔄 Début du traitement des rapports...
2025-08-15 17:44:31,126 - INFO - 📋 Aucun rapport en attente
2025-08-15 17:45:01,135 - INFO - 🔄 Début du traitement des rapports...
2025-08-15 17:45:01,176 - INFO - 📋 Aucun rapport en attente
2025-08-15 17:45:31,183 - INFO - 🔄 Début du traitement des rapports...
2025-08-15 17:45:31,215 - INFO - 📋 Aucun rapport en attente
2025-08-15 17:46:01,217 - INFO - 🔄 Début du traitement des rapports...
2025-08-15 17:46:01,250 - INFO - 📋 Aucun rapport en attente
2025-08-15 17:46:31,256 - INFO - 🔄 Début du traitement des rapports...
2025-08-15 17:46:31,288 - INFO - 📋 Aucun rapport en attente
2025-08-15 17:47:01,296 - INFO - 🔄 Début du traitement des rapports...
2025-08-15 17:47:01,341 - INFO - 📋 Aucun rapport en attente
2025-08-15 17:47:31,352 - INFO - 🔄 Début du traitement des rapports...
2025-08-15 17:47:31,391 - INFO - 📋 Aucun rapport en attente
2025-08-15 17:48:01,399 - INFO - 🔄 Début du traitement des rapports...
2025-08-15 17:48:01,430 - INFO - 📋 Aucun rapport en attente
2025-08-15 17:48:31,431 - INFO - 🔄 Début du traitement des rapports...
2025-08-15 17:48:31,469 - INFO - 📋 Aucun rapport en attente
2025-08-15 17:49:01,476 - INFO - 🔄 Début du traitement des rapports...
2025-08-15 17:49:01,524 - INFO - 📋 Aucun rapport en attente
2025-08-15 17:49:31,533 - INFO - 🔄 Début du traitement des rapports...
2025-08-15 17:49:31,581 - INFO - 📋 Aucun rapport en attente
2025-08-15 17:50:01,592 - INFO - 🔄 Début du traitement des rapports...
2025-08-15 17:50:01,635 - INFO - 📋 Aucun rapport en attente
2025-08-15 17:50:31,641 - INFO - 🔄 Début du traitement des rapports...
2025-08-15 17:50:31,668 - INFO - 📋 Aucun rapport en attente
2025-08-15 17:51:01,674 - INFO - 🔄 Début du traitement des rapports...
2025-08-15 17:51:01,714 - INFO - 📋 Aucun rapport en attente
2025-08-15 17:51:31,721 - INFO - 🔄 Début du traitement des rapports...
2025-08-15 17:51:31,757 - INFO - 📋 Aucun rapport en attente
2025-08-15 17:52:01,760 - INFO - 🔄 Début du traitement des rapports...
2025-08-15 17:52:01,787 - INFO - 📋 Aucun rapport en attente
2025-08-15 17:52:31,794 - INFO - 🔄 Début du traitement des rapports...
2025-08-15 17:52:31,830 - INFO - 📋 Aucun rapport en attente
2025-08-15 17:53:01,840 - INFO - 🔄 Début du traitement des rapports...
2025-08-15 17:53:01,885 - INFO - 📋 Aucun rapport en attente
2025-08-15 17:53:31,892 - INFO - 🔄 Début du traitement des rapports...
2025-08-15 17:53:31,938 - INFO - 📋 Aucun rapport en attente
2025-08-15 17:54:01,939 - INFO - 🔄 Début du traitement des rapports...
2025-08-15 17:54:01,985 - INFO - 📋 Aucun rapport en attente
2025-08-15 17:54:31,994 - INFO - 🔄 Début du traitement des rapports...
2025-08-15 17:54:32,036 - INFO - 📋 Aucun rapport en attente
2025-08-15 17:55:02,044 - INFO - 🔄 Début du traitement des rapports...
2025-08-15 17:55:02,083 - INFO - 📋 Aucun rapport en attente
2025-08-15 17:55:32,083 - INFO - 🔄 Début du traitement des rapports...
2025-08-15 17:55:32,111 - INFO - 📋 Aucun rapport en attente
2025-08-15 17:56:02,114 - INFO - 🔄 Début du traitement des rapports...
2025-08-15 17:56:02,152 - INFO - 📋 Aucun rapport en attente
2025-08-15 17:56:32,160 - INFO - 🔄 Début du traitement des rapports...
2025-08-15 17:56:32,220 - INFO - 📋 Aucun rapport en attente
2025-08-15 17:57:02,225 - INFO - 🔄 Début du traitement des rapports...
2025-08-15 17:57:02,265 - INFO - 📋 Aucun rapport en attente
2025-08-15 17:57:32,268 - INFO - 🔄 Début du traitement des rapports...
2025-08-15 17:57:32,306 - INFO - 📋 Aucun rapport en attente
2025-08-15 17:58:02,310 - INFO - 🔄 Début du traitement des rapports...
2025-08-15 17:58:02,351 - INFO - 📋 Aucun rapport en attente
2025-08-15 17:58:32,356 - INFO - 🔄 Début du traitement des rapports...
2025-08-15 17:58:32,425 - INFO - 📋 Aucun rapport en attente
2025-08-15 18:07:47,397 - INFO - 🔄 Début du traitement des rapports...
2025-08-15 18:07:47,444 - INFO - 📋 Aucun rapport en attente
2025-08-15 18:08:17,450 - INFO - 🔄 Début du traitement des rapports...
2025-08-15 18:08:17,489 - INFO - 📋 Aucun rapport en attente
2025-08-15 18:08:47,495 - INFO - 🔄 Début du traitement des rapports...
2025-08-15 18:08:47,529 - INFO - 📋 Aucun rapport en attente
2025-08-15 18:09:17,535 - INFO - 🔄 Début du traitement des rapports...
2025-08-15 18:09:17,575 - INFO - 📋 Aucun rapport en attente
2025-08-15 18:09:47,581 - INFO - 🔄 Début du traitement des rapports...
2025-08-15 18:09:47,619 - INFO - 📋 Aucun rapport en attente
2025-08-15 18:10:17,623 - INFO - 🔄 Début du traitement des rapports...
2025-08-15 18:10:17,654 - INFO - 📋 Aucun rapport en attente
2025-08-15 18:10:47,659 - INFO - 🔄 Début du traitement des rapports...
2025-08-15 18:10:47,684 - INFO - 📋 Aucun rapport en attente
2025-08-15 18:11:17,689 - INFO - 🔄 Début du traitement des rapports...
2025-08-15 18:11:17,722 - INFO - 📋 Aucun rapport en attente
2025-08-15 18:11:47,727 - INFO - 🔄 Début du traitement des rapports...
2025-08-15 18:11:47,755 - INFO - 📋 Aucun rapport en attente
2025-08-15 18:12:17,757 - INFO - 🔄 Début du traitement des rapports...
2025-08-15 18:12:17,779 - INFO - 📋 Aucun rapport en attente
2025-08-15 18:12:47,784 - INFO - 🔄 Début du traitement des rapports...
2025-08-15 18:12:47,816 - INFO - 📋 Aucun rapport en attente
2025-08-15 18:13:17,821 - INFO - 🔄 Début du traitement des rapports...
2025-08-15 18:13:17,855 - INFO - 📋 Aucun rapport en attente
2025-08-15 18:13:47,860 - INFO - 🔄 Début du traitement des rapports...
2025-08-15 18:13:47,893 - INFO - 📋 Aucun rapport en attente
2025-08-15 18:14:17,898 - INFO - 🔄 Début du traitement des rapports...
2025-08-15 18:14:17,926 - INFO - 📋 Aucun rapport en attente
2025-08-15 18:14:47,932 - INFO - 🔄 Début du traitement des rapports...
2025-08-15 18:14:47,956 - INFO - 📋 Aucun rapport en attente
2025-08-15 18:15:17,958 - INFO - 🔄 Début du traitement des rapports...
2025-08-15 18:15:17,986 - INFO - 📋 Aucun rapport en attente
2025-08-15 18:15:47,989 - INFO - 🔄 Début du traitement des rapports...
2025-08-15 18:15:48,022 - INFO - 📋 Aucun rapport en attente
2025-08-15 18:16:18,023 - INFO - 🔄 Début du traitement des rapports...
2025-08-15 18:16:18,051 - INFO - 📋 Aucun rapport en attente
2025-08-15 18:16:48,057 - INFO - 🔄 Début du traitement des rapports...
2025-08-15 18:16:48,095 - INFO - 📋 Aucun rapport en attente
2025-08-15 18:17:18,100 - INFO - 🔄 Début du traitement des rapports...
2025-08-15 18:17:18,129 - INFO - 📋 Aucun rapport en attente
2025-08-15 18:17:48,134 - INFO - 🔄 Début du traitement des rapports...
2025-08-15 18:17:48,159 - INFO - 📋 Aucun rapport en attente
2025-08-15 18:18:18,164 - INFO - 🔄 Début du traitement des rapports...
2025-08-15 18:18:18,191 - INFO - 📋 Aucun rapport en attente
2025-08-15 18:18:48,196 - INFO - 🔄 Début du traitement des rapports...
2025-08-15 18:18:48,234 - INFO - 📋 Aucun rapport en attente
2025-08-15 18:19:18,237 - INFO - 🔄 Début du traitement des rapports...
2025-08-15 18:19:18,398 - INFO - 📋 Aucun rapport en attente
2025-08-15 18:19:48,401 - INFO - 🔄 Début du traitement des rapports...
2025-08-15 18:19:48,457 - INFO - 📋 Aucun rapport en attente
2025-08-15 18:20:18,461 - INFO - 🔄 Début du traitement des rapports...
2025-08-15 18:20:18,498 - INFO - 📋 Aucun rapport en attente
2025-08-15 18:20:48,503 - INFO - 🔄 Début du traitement des rapports...
2025-08-15 18:20:48,533 - INFO - 📋 Aucun rapport en attente
2025-08-15 18:21:18,537 - INFO - 🔄 Début du traitement des rapports...
2025-08-15 18:21:18,571 - INFO - 📋 Aucun rapport en attente
2025-08-15 18:21:48,573 - INFO - 🔄 Début du traitement des rapports...
2025-08-15 18:21:48,609 - INFO - 📋 Aucun rapport en attente
2025-08-15 18:22:18,609 - INFO - 🔄 Début du traitement des rapports...
2025-08-15 18:22:18,639 - INFO - 📋 Aucun rapport en attente
2025-08-15 18:22:48,645 - INFO - 🔄 Début du traitement des rapports...
2025-08-15 18:22:48,690 - INFO - 📋 Aucun rapport en attente
2025-08-15 18:23:18,692 - INFO - 🔄 Début du traitement des rapports...
2025-08-15 18:23:18,718 - INFO - 📋 Aucun rapport en attente
2025-08-15 18:23:48,723 - INFO - 🔄 Début du traitement des rapports...
2025-08-15 18:23:48,754 - INFO - 📋 Aucun rapport en attente
2025-08-15 18:24:18,758 - INFO - 🔄 Début du traitement des rapports...
2025-08-15 18:24:18,793 - INFO - 📋 Aucun rapport en attente
2025-08-15 18:24:48,799 - INFO - 🔄 Début du traitement des rapports...
2025-08-15 18:24:48,827 - INFO - 📋 Aucun rapport en attente
2025-08-15 18:25:18,832 - INFO - 🔄 Début du traitement des rapports...
2025-08-15 18:25:18,867 - INFO - 📋 Aucun rapport en attente
2025-08-15 18:25:48,873 - INFO - 🔄 Début du traitement des rapports...
2025-08-15 18:25:48,897 - INFO - 📋 Aucun rapport en attente
2025-08-15 18:26:18,902 - INFO - 🔄 Début du traitement des rapports...
2025-08-15 18:26:18,939 - INFO - 📋 Aucun rapport en attente
2025-08-15 18:26:48,940 - INFO - 🔄 Début du traitement des rapports...
2025-08-15 18:26:48,972 - INFO - 📋 Aucun rapport en attente
2025-08-15 18:27:18,975 - INFO - 🔄 Début du traitement des rapports...
2025-08-15 18:27:19,000 - INFO - 📋 Aucun rapport en attente
2025-08-15 18:27:49,006 - INFO - 🔄 Début du traitement des rapports...
2025-08-15 18:27:49,041 - INFO - 📋 Aucun rapport en attente
2025-08-15 18:28:19,044 - INFO - 🔄 Début du traitement des rapports...
2025-08-15 18:28:19,068 - INFO - 📋 Aucun rapport en attente
2025-08-15 18:28:49,070 - INFO - 🔄 Début du traitement des rapports...
2025-08-15 18:28:49,096 - INFO - 📋 Aucun rapport en attente
2025-08-15 18:29:19,099 - INFO - 🔄 Début du traitement des rapports...
2025-08-15 18:29:19,151 - INFO - 📋 Aucun rapport en attente
2025-08-15 18:29:49,153 - INFO - 🔄 Début du traitement des rapports...
2025-08-15 18:29:49,182 - INFO - 📋 Aucun rapport en attente
2025-08-15 18:30:19,186 - INFO - 🔄 Début du traitement des rapports...
2025-08-15 18:30:19,218 - INFO - 📋 Aucun rapport en attente
2025-08-15 18:30:49,224 - INFO - 🔄 Début du traitement des rapports...
2025-08-15 18:30:49,258 - INFO - 📋 Aucun rapport en attente
2025-08-15 18:31:19,263 - INFO - 🔄 Début du traitement des rapports...
2025-08-15 18:31:19,300 - INFO - 📋 Aucun rapport en attente
2025-08-15 18:31:49,301 - INFO - 🔄 Début du traitement des rapports...
2025-08-15 18:31:49,351 - INFO - 📋 Aucun rapport en attente
2025-08-15 18:32:19,351 - INFO - 🔄 Début du traitement des rapports...
2025-08-15 18:32:19,386 - INFO - 📋 Aucun rapport en attente
2025-08-15 18:32:49,392 - INFO - 🔄 Début du traitement des rapports...
2025-08-15 18:32:49,427 - INFO - 📋 Aucun rapport en attente
2025-08-15 18:33:19,432 - INFO - 🔄 Début du traitement des rapports...
2025-08-15 18:33:19,467 - INFO - 📋 Aucun rapport en attente
2025-08-15 18:33:49,473 - INFO - 🔄 Début du traitement des rapports...
2025-08-15 18:33:49,512 - INFO - 📋 Aucun rapport en attente
2025-08-15 18:34:19,513 - INFO - 🔄 Début du traitement des rapports...
2025-08-15 18:34:19,550 - INFO - 📋 Aucun rapport en attente
2025-08-15 18:34:49,553 - INFO - 🔄 Début du traitement des rapports...
2025-08-15 18:34:49,601 - INFO - 📋 Aucun rapport en attente
2025-08-15 18:35:19,607 - INFO - 🔄 Début du traitement des rapports...
2025-08-15 18:35:19,646 - INFO - 📋 Aucun rapport en attente
2025-08-15 18:35:49,651 - INFO - 🔄 Début du traitement des rapports...
2025-08-15 18:35:49,682 - INFO - 📋 Aucun rapport en attente
2025-08-15 18:36:19,689 - INFO - 🔄 Début du traitement des rapports...
2025-08-15 18:36:19,718 - INFO - 📋 Aucun rapport en attente
2025-08-15 18:36:49,733 - INFO - 🔄 Début du traitement des rapports...
2025-08-15 18:36:49,780 - INFO - 📋 Aucun rapport en attente
2025-08-15 18:37:19,782 - INFO - 🔄 Début du traitement des rapports...
2025-08-15 18:37:19,822 - INFO - 📋 Aucun rapport en attente
2025-08-15 18:37:49,828 - INFO - 🔄 Début du traitement des rapports...
2025-08-15 18:37:49,858 - INFO - 📋 Aucun rapport en attente
2025-08-15 18:38:19,863 - INFO - 🔄 Début du traitement des rapports...
2025-08-15 18:38:19,884 - INFO - 📋 Aucun rapport en attente
2025-08-15 18:38:49,889 - INFO - 🔄 Début du traitement des rapports...
2025-08-15 18:38:49,918 - INFO - 📋 Aucun rapport en attente
2025-08-15 18:39:19,920 - INFO - 🔄 Début du traitement des rapports...
2025-08-15 18:39:19,942 - INFO - 📋 Aucun rapport en attente
2025-08-15 18:39:49,944 - INFO - 🔄 Début du traitement des rapports...
2025-08-15 18:39:49,969 - INFO - 📋 Aucun rapport en attente
2025-08-15 18:40:19,970 - INFO - 🔄 Début du traitement des rapports...
2025-08-15 18:40:20,001 - INFO - 📋 Aucun rapport en attente
2025-08-15 18:40:50,002 - INFO - 🔄 Début du traitement des rapports...
2025-08-15 18:40:50,035 - INFO - 📋 Aucun rapport en attente
2025-08-15 18:41:20,040 - INFO - 🔄 Début du traitement des rapports...
2025-08-15 18:41:20,064 - INFO - 📋 Aucun rapport en attente
2025-08-15 18:41:50,070 - INFO - 🔄 Début du traitement des rapports...
2025-08-15 18:41:50,100 - INFO - 📋 Aucun rapport en attente
2025-08-15 18:42:20,104 - INFO - 🔄 Début du traitement des rapports...
2025-08-15 18:42:20,134 - INFO - 📋 Aucun rapport en attente
2025-08-15 18:42:50,136 - INFO - 🔄 Début du traitement des rapports...
2025-08-15 18:42:50,165 - INFO - 📋 Aucun rapport en attente
2025-08-15 18:43:20,171 - INFO - 🔄 Début du traitement des rapports...
2025-08-15 18:43:20,207 - INFO - 📋 Aucun rapport en attente
2025-08-15 18:43:50,212 - INFO - 🔄 Début du traitement des rapports...
2025-08-15 18:43:50,245 - INFO - 📋 Aucun rapport en attente
2025-08-15 18:44:20,250 - INFO - 🔄 Début du traitement des rapports...
2025-08-15 18:44:20,285 - INFO - 📋 Aucun rapport en attente
2025-08-15 18:44:50,290 - INFO - 🔄 Début du traitement des rapports...
2025-08-15 18:44:50,329 - INFO - 📋 Aucun rapport en attente
2025-08-15 18:45:20,331 - INFO - 🔄 Début du traitement des rapports...
2025-08-15 18:45:20,361 - INFO - 📋 Aucun rapport en attente
2025-08-15 18:45:50,365 - INFO - 🔄 Début du traitement des rapports...
2025-08-15 18:45:50,406 - INFO - 📋 Aucun rapport en attente
2025-08-15 18:46:20,411 - INFO - 🔄 Début du traitement des rapports...
2025-08-15 18:46:20,450 - INFO - 📋 Aucun rapport en attente
2025-08-15 18:46:50,452 - INFO - 🔄 Début du traitement des rapports...
2025-08-15 18:46:50,488 - INFO - 📋 Aucun rapport en attente
2025-08-15 18:47:20,494 - INFO - 🔄 Début du traitement des rapports...
2025-08-15 18:47:20,533 - INFO - 📋 Aucun rapport en attente
2025-08-15 18:47:50,537 - INFO - 🔄 Début du traitement des rapports...
2025-08-15 18:47:50,566 - INFO - 📋 Aucun rapport en attente
2025-08-15 18:48:20,569 - INFO - 🔄 Début du traitement des rapports...
2025-08-15 18:48:20,607 - INFO - 📋 Aucun rapport en attente
2025-08-15 18:48:50,611 - INFO - 🔄 Début du traitement des rapports...
2025-08-15 18:48:50,639 - INFO - 📋 Aucun rapport en attente
2025-08-15 18:49:20,641 - INFO - 🔄 Début du traitement des rapports...
2025-08-15 18:49:20,676 - INFO - 📋 Aucun rapport en attente
2025-08-15 18:49:50,678 - INFO - 🔄 Début du traitement des rapports...
2025-08-15 18:49:50,711 - INFO - 📋 Aucun rapport en attente
2025-08-15 18:50:20,715 - INFO - 🔄 Début du traitement des rapports...
2025-08-15 18:50:20,752 - INFO - 📋 Aucun rapport en attente
2025-08-15 18:50:50,756 - INFO - 🔄 Début du traitement des rapports...
2025-08-15 18:50:50,789 - INFO - 📋 Aucun rapport en attente
2025-08-15 18:51:20,794 - INFO - 🔄 Début du traitement des rapports...
2025-08-15 18:51:20,822 - INFO - 📋 Aucun rapport en attente
2025-08-15 18:51:50,826 - INFO - 🔄 Début du traitement des rapports...
2025-08-15 18:51:50,858 - INFO - 📋 Aucun rapport en attente
2025-08-15 18:52:20,860 - INFO - 🔄 Début du traitement des rapports...
2025-08-15 18:52:20,893 - INFO - 📋 Aucun rapport en attente
2025-08-15 18:52:50,898 - INFO - 🔄 Début du traitement des rapports...
2025-08-15 18:52:50,926 - INFO - 📋 Aucun rapport en attente
2025-08-15 18:53:20,932 - INFO - 🔄 Début du traitement des rapports...
2025-08-15 18:53:20,972 - INFO - 📋 Aucun rapport en attente
2025-08-15 18:53:50,977 - INFO - 🔄 Début du traitement des rapports...
2025-08-15 18:53:51,011 - INFO - 📋 Aucun rapport en attente
2025-08-15 18:54:21,017 - INFO - 🔄 Début du traitement des rapports...
2025-08-15 18:54:21,062 - INFO - 📋 Aucun rapport en attente
2025-08-15 18:54:51,067 - INFO - 🔄 Début du traitement des rapports...
2025-08-15 18:54:51,102 - INFO - 📋 Aucun rapport en attente
2025-08-15 18:55:21,105 - INFO - 🔄 Début du traitement des rapports...
2025-08-15 18:55:21,136 - INFO - 📋 Aucun rapport en attente
2025-08-15 18:55:51,140 - INFO - 🔄 Début du traitement des rapports...
2025-08-15 18:55:51,173 - INFO - 📋 Aucun rapport en attente
2025-08-15 18:56:21,177 - INFO - 🔄 Début du traitement des rapports...
2025-08-15 18:56:21,213 - INFO - 📋 Aucun rapport en attente
2025-08-15 18:56:51,219 - INFO - 🔄 Début du traitement des rapports...
2025-08-15 18:56:51,254 - INFO - 📋 Aucun rapport en attente
2025-08-15 18:57:21,259 - INFO - 🔄 Début du traitement des rapports...
2025-08-15 18:57:21,300 - INFO - 📋 Aucun rapport en attente
2025-08-15 18:57:51,305 - INFO - 🔄 Début du traitement des rapports...
2025-08-15 18:57:51,333 - INFO - 📋 Aucun rapport en attente
2025-08-15 18:58:21,336 - INFO - 🔄 Début du traitement des rapports...
2025-08-15 18:58:21,373 - INFO - 📋 Aucun rapport en attente
2025-08-15 18:58:51,378 - INFO - 🔄 Début du traitement des rapports...
2025-08-15 18:58:51,408 - INFO - 📋 Aucun rapport en attente
2025-08-15 18:59:21,413 - INFO - 🔄 Début du traitement des rapports...
2025-08-15 18:59:21,451 - INFO - 📋 Aucun rapport en attente
2025-08-15 18:59:51,457 - INFO - 🔄 Début du traitement des rapports...
2025-08-15 18:59:51,489 - INFO - 📋 Aucun rapport en attente
2025-08-15 19:00:21,494 - INFO - 🔄 Début du traitement des rapports...
2025-08-15 19:00:21,538 - INFO - 📋 Aucun rapport en attente
2025-08-15 19:00:51,543 - INFO - 🔄 Début du traitement des rapports...
2025-08-15 19:00:51,582 - INFO - 📋 Aucun rapport en attente
2025-08-15 19:01:21,585 - INFO - 🔄 Début du traitement des rapports...
2025-08-15 19:01:21,611 - INFO - 📋 Aucun rapport en attente
2025-08-15 19:01:51,615 - INFO - 🔄 Début du traitement des rapports...
2025-08-15 19:01:51,653 - INFO - 📋 Aucun rapport en attente
2025-08-15 19:02:21,656 - INFO - 🔄 Début du traitement des rapports...
2025-08-15 19:02:21,688 - INFO - 📋 Aucun rapport en attente
2025-08-15 19:02:51,691 - INFO - 🔄 Début du traitement des rapports...
2025-08-15 19:02:51,738 - INFO - 📋 Aucun rapport en attente
2025-08-15 19:03:21,743 - INFO - 🔄 Début du traitement des rapports...
2025-08-15 19:03:21,769 - INFO - 📋 Aucun rapport en attente
2025-08-15 19:03:51,774 - INFO - 🔄 Début du traitement des rapports...
2025-08-15 19:03:51,808 - INFO - 📋 Aucun rapport en attente
2025-08-15 19:04:21,813 - INFO - 🔄 Début du traitement des rapports...
2025-08-15 19:04:21,844 - INFO - 📋 Aucun rapport en attente
2025-08-15 19:04:51,847 - INFO - 🔄 Début du traitement des rapports...
2025-08-15 19:04:51,876 - INFO - 📋 Aucun rapport en attente
2025-08-15 19:05:21,881 - INFO - 🔄 Début du traitement des rapports...
2025-08-15 19:05:21,912 - INFO - 📋 Aucun rapport en attente
2025-08-15 19:05:51,915 - INFO - 🔄 Début du traitement des rapports...
2025-08-15 19:05:51,954 - INFO - 📋 Aucun rapport en attente
2025-08-15 19:06:21,957 - INFO - 🔄 Début du traitement des rapports...
2025-08-15 19:06:21,995 - INFO - 📋 Aucun rapport en attente
2025-08-15 19:06:52,000 - INFO - 🔄 Début du traitement des rapports...
2025-08-15 19:06:52,048 - INFO - 📋 Aucun rapport en attente
2025-08-15 19:07:22,049 - INFO - 🔄 Début du traitement des rapports...
2025-08-15 19:07:22,080 - INFO - 📋 Aucun rapport en attente
2025-08-15 19:07:52,086 - INFO - 🔄 Début du traitement des rapports...
2025-08-15 19:07:52,121 - INFO - 📋 Aucun rapport en attente
2025-08-15 19:08:22,124 - INFO - 🔄 Début du traitement des rapports...
2025-08-15 19:08:22,159 - INFO - 📋 Aucun rapport en attente
2025-08-15 19:08:52,161 - INFO - 🔄 Début du traitement des rapports...
2025-08-15 19:08:52,193 - INFO - 📋 Aucun rapport en attente
2025-08-15 19:09:22,196 - INFO - 🔄 Début du traitement des rapports...
2025-08-15 19:09:22,224 - INFO - 📋 Aucun rapport en attente
2025-08-15 19:09:52,225 - INFO - 🔄 Début du traitement des rapports...
2025-08-15 19:09:52,254 - INFO - 📋 Aucun rapport en attente
2025-08-15 19:10:22,258 - INFO - 🔄 Début du traitement des rapports...
2025-08-15 19:10:22,283 - INFO - 📋 Aucun rapport en attente
2025-08-15 19:10:52,285 - INFO - 🔄 Début du traitement des rapports...
2025-08-15 19:10:52,327 - INFO - 📋 Aucun rapport en attente
2025-08-15 19:11:22,329 - INFO - 🔄 Début du traitement des rapports...
2025-08-15 19:11:22,363 - INFO - 📋 Aucun rapport en attente
2025-08-15 19:11:52,365 - INFO - 🔄 Début du traitement des rapports...
2025-08-15 19:11:52,402 - INFO - 📋 Aucun rapport en attente
2025-08-15 19:12:22,403 - INFO - 🔄 Début du traitement des rapports...
2025-08-15 19:12:22,441 - INFO - 📋 Aucun rapport en attente
2025-08-15 19:12:52,445 - INFO - 🔄 Début du traitement des rapports...
2025-08-15 19:12:52,484 - INFO - 📋 Aucun rapport en attente
2025-08-15 19:13:22,486 - INFO - 🔄 Début du traitement des rapports...
2025-08-15 19:13:22,522 - INFO - 📋 Aucun rapport en attente
2025-08-15 19:13:52,526 - INFO - 🔄 Début du traitement des rapports...
2025-08-15 19:13:52,555 - INFO - 📋 Aucun rapport en attente
2025-08-15 19:14:22,558 - INFO - 🔄 Début du traitement des rapports...
2025-08-15 19:14:22,582 - INFO - 📋 Aucun rapport en attente
2025-08-15 19:14:52,587 - INFO - 🔄 Début du traitement des rapports...
2025-08-15 19:14:52,623 - INFO - 📋 Aucun rapport en attente
2025-08-15 19:15:22,627 - INFO - 🔄 Début du traitement des rapports...
2025-08-15 19:15:22,653 - INFO - 📋 Aucun rapport en attente
2025-08-15 19:15:52,658 - INFO - 🔄 Début du traitement des rapports...
2025-08-15 19:15:52,696 - INFO - 📋 Aucun rapport en attente
2025-08-15 19:16:22,704 - INFO - 🔄 Début du traitement des rapports...
2025-08-15 19:16:22,740 - INFO - 📋 Aucun rapport en attente
2025-08-15 19:16:52,740 - INFO - 🔄 Début du traitement des rapports...
2025-08-15 19:16:52,769 - INFO - 📋 Aucun rapport en attente
